#
# There is insufficient memory for the Java Runtime Environment to continue.
# Native memory allocation (malloc) failed to allocate 1728736 bytes. Error detail: Chunk::new
# Possible reasons:
#   The system is out of physical RAM or swap space
#   This process is running with CompressedOops enabled, and the Java Heap may be blocking the growth of the native heap
# Possible solutions:
#   Reduce memory load on the system
#   Increase physical memory or swap space
#   Check if swap backing store is full
#   Decrease Java heap size (-Xmx/-Xms)
#   Decrease number of Java threads
#   Decrease Java thread stack sizes (-Xss)
#   Set larger code cache with -XX:ReservedCodeCacheSize=
#   JVM is running with Unscaled Compressed Oops mode in which the Java heap is
#     placed in the first 4GB address space. The Java Heap base address is the
#     maximum limit for the native heap growth. Please use -XX:HeapBaseMinAddress
#     to set the Java Heap base and to place the Java Heap above 4GB virtual address.
# This output file may be truncated or incomplete.
#
#  Out of Memory Error (arena.cpp:191), pid=7448, tid=16332
#
# JRE version: OpenJDK Runtime Environment Temurin-17.0.16+8 (17.0.16+8) (build 17.0.16+8)
# Java VM: OpenJDK 64-Bit Server VM Temurin-17.0.16+8 (17.0.16+8, mixed mode, sharing, tiered, compressed oops, compressed class ptrs, g1 gc, windows-amd64)
# No core dump will be written. Minidumps are not enabled by default on client versions of Windows
#

---------------  S U M M A R Y ------------

Command Line: -Dmaven.home=EMBEDDED -Dclassworlds.conf=D:\FA_Projects_Document\FullStack_Projects\SpringBoot\ATS\.metadata\.plugins\org.eclipse.m2e.launching\launches\m2conf11576085476463963767.tmp -Dmaven.multiModuleProjectDirectory=D:\FA_Projects_Document\FullStack_Projects\SpringBoot\ATS\ATS-asset_service\Asset_Service -Dm2e.build.project.data.socket.port=55030 -Dfile.encoding=UTF-8 -Dstdout.encoding=UTF-8 -Dstderr.encoding=UTF-8 -XX:+ShowCodeDetailsInExceptionMessages org.codehaus.plexus.classworlds.launcher.Launcher -B -Dstyle.color=always install

Host: Intel(R) Core(TM) i5-6300U CPU @ 2.40GHz, 4 cores, 7G,  Windows 10 , 64 bit Build 19041 (10.0.19041.5915)
Time: Mon Nov 24 11:06:41 2025 India Standard Time elapsed time: 15.024543 seconds (0d 0h 0m 15s)

---------------  T H R E A D  ---------------

Current thread (0x00000236712660c0):  JavaThread "C2 CompilerThread1" daemon [_thread_in_native, id=16332, stack(0x000000d1e3800000,0x000000d1e3900000)]


Current CompileTask:
C2:  15024 9936   !   4       java.lang.ClassLoader::loadClass (121 bytes)

Stack: [0x000000d1e3800000,0x000000d1e3900000]
Native frames: (J=compiled Java code, j=interpreted, Vv=VM code, C=native code)
V  [jvm.dll+0x683169]
V  [jvm.dll+0x839ac8]
V  [jvm.dll+0x83b573]
V  [jvm.dll+0x83bbe3]
V  [jvm.dll+0x2473ff]
V  [jvm.dll+0xace94]
V  [jvm.dll+0xad52c]
V  [jvm.dll+0x2acc2f]
V  [jvm.dll+0x5891f9]
V  [jvm.dll+0x221182]
V  [jvm.dll+0x22157f]
V  [jvm.dll+0x21a580]
V  [jvm.dll+0x21765b]
V  [jvm.dll+0x1a32a0]
V  [jvm.dll+0x227b3c]
V  [jvm.dll+0x225ccb]
V  [jvm.dll+0x7ef2d8]
V  [jvm.dll+0x7e979c]
V  [jvm.dll+0x682047]
C  [ucrtbase.dll+0x21bb2]
C  [KERNEL32.DLL+0x17374]
C  [ntdll.dll+0x4cc91]


---------------  P R O C E S S  ---------------

Threads class SMR info:
_java_thread_list=0x0000023674090c60, length=19, elements={
0x000002364d320670, 0x000002366c90e590, 0x000002366c90ee60, 0x000002366c91f750,
0x000002366c920430, 0x000002366c920d00, 0x000002366c9215d0, 0x000002366c937dd0,
0x000002366c93cbc0, 0x000002366c93d4d0, 0x000002366cb65160, 0x000002366cb71420,
0x00000236712660c0, 0x0000023673bab6d0, 0x0000023673babbe0, 0x0000023673bac600,
0x0000023673bad530, 0x0000023673baee80, 0x0000023673bac0f0
}

Java Threads: ( => current thread )
  0x000002364d320670 JavaThread "main" [_thread_in_native, id=17472, stack(0x000000d1e2500000,0x000000d1e2600000)]
  0x000002366c90e590 JavaThread "Reference Handler" daemon [_thread_blocked, id=16540, stack(0x000000d1e2c00000,0x000000d1e2d00000)]
  0x000002366c90ee60 JavaThread "Finalizer" daemon [_thread_blocked, id=18164, stack(0x000000d1e2d00000,0x000000d1e2e00000)]
  0x000002366c91f750 JavaThread "Signal Dispatcher" daemon [_thread_blocked, id=388, stack(0x000000d1e2e00000,0x000000d1e2f00000)]
  0x000002366c920430 JavaThread "Attach Listener" daemon [_thread_blocked, id=7380, stack(0x000000d1e2f00000,0x000000d1e3000000)]
  0x000002366c920d00 JavaThread "Service Thread" daemon [_thread_blocked, id=756, stack(0x000000d1e3000000,0x000000d1e3100000)]
  0x000002366c9215d0 JavaThread "Monitor Deflation Thread" daemon [_thread_blocked, id=16788, stack(0x000000d1e3100000,0x000000d1e3200000)]
  0x000002366c937dd0 JavaThread "C2 CompilerThread0" daemon [_thread_blocked, id=17804, stack(0x000000d1e3200000,0x000000d1e3300000)]
  0x000002366c93cbc0 JavaThread "C1 CompilerThread0" daemon [_thread_blocked, id=15536, stack(0x000000d1e3300000,0x000000d1e3400000)]
  0x000002366c93d4d0 JavaThread "Sweeper thread" daemon [_thread_blocked, id=9768, stack(0x000000d1e3400000,0x000000d1e3500000)]
  0x000002366cb65160 JavaThread "Notification Thread" daemon [_thread_blocked, id=16120, stack(0x000000d1e3500000,0x000000d1e3600000)]
  0x000002366cb71420 JavaThread "Common-Cleaner" daemon [_thread_blocked, id=13480, stack(0x000000d1e3700000,0x000000d1e3800000)]
=>0x00000236712660c0 JavaThread "C2 CompilerThread1" daemon [_thread_in_native, id=16332, stack(0x000000d1e3800000,0x000000d1e3900000)]
  0x0000023673bab6d0 JavaThread "timeout-check-timer" daemon [_thread_blocked, id=16720, stack(0x000000d1e3d00000,0x000000d1e3e00000)]
  0x0000023673babbe0 JavaThread "ping-timer-10s" daemon [_thread_blocked, id=8648, stack(0x000000d1e3e00000,0x000000d1e3f00000)]
  0x0000023673bac600 JavaThread "ThreadedStreamConsumer" daemon [_thread_blocked, id=6196, stack(0x000000d1e3f00000,0x000000d1e4000000)]
  0x0000023673bad530 JavaThread "fork-1-err-thread" daemon [_thread_in_native, id=16632, stack(0x000000d1e4000000,0x000000d1e4100000)]
  0x0000023673baee80 JavaThread "commands-fork-1" daemon [_thread_blocked, id=3900, stack(0x000000d1e4100000,0x000000d1e4200000)]
  0x0000023673bac0f0 JavaThread "fork-1-event-thread" daemon [_thread_in_native, id=3244, stack(0x000000d1e4200000,0x000000d1e4300000)]

Other Threads:
  0x000002366c908980 VMThread "VM Thread" [stack: 0x000000d1e2b00000,0x000000d1e2c00000] [id=11796]
  0x000002366cb65a50 WatcherThread [stack: 0x000000d1e3600000,0x000000d1e3700000] [id=15964]
  0x000002364d375a90 GCTaskThread "GC Thread#0" [stack: 0x000000d1e2600000,0x000000d1e2700000] [id=10160]
  0x00000236714a5160 GCTaskThread "GC Thread#1" [stack: 0x000000d1e3900000,0x000000d1e3a00000] [id=17428]
  0x00000236716b7020 GCTaskThread "GC Thread#2" [stack: 0x000000d1e3a00000,0x000000d1e3b00000] [id=4084]
  0x00000236714ed8e0 GCTaskThread "GC Thread#3" [stack: 0x000000d1e3b00000,0x000000d1e3c00000] [id=17876]
  0x000002364d385dd0 ConcurrentGCThread "G1 Main Marker" [stack: 0x000000d1e2700000,0x000000d1e2800000] [id=16804]
  0x000002364d387710 ConcurrentGCThread "G1 Conc#0" [stack: 0x000000d1e2800000,0x000000d1e2900000] [id=14392]
  0x000002364d3dd8b0 ConcurrentGCThread "G1 Refine#0" [stack: 0x000000d1e2900000,0x000000d1e2a00000] [id=13164]
  0x0000023673d4c640 ConcurrentGCThread "G1 Refine#1" [stack: 0x000000d1e3c00000,0x000000d1e3d00000] [id=2188]
  0x000002364d3de1f0 ConcurrentGCThread "G1 Service" [stack: 0x000000d1e2a00000,0x000000d1e2b00000] [id=5756]

Threads with active compile tasks:
C2 CompilerThread1    15064 9936   !   4       java.lang.ClassLoader::loadClass (121 bytes)

VM state: not at safepoint (normal execution)

VM Mutex/Monitor currently owned by a thread: None

Heap address: 0x0000000089600000, size: 1898 MB, Compressed Oops mode: 32-bit

CDS archive(s) mapped at: [0x0000023600000000-0x0000023600bb0000-0x0000023600bb0000), size 12255232, SharedBaseAddress: 0x0000023600000000, ArchiveRelocationMode: 1.
Compressed class space mapped at: 0x0000023601000000-0x0000023641000000, reserved size: 1073741824
Narrow klass base: 0x0000023600000000, Narrow klass shift: 0, Narrow klass range: 0x100000000

GC Precious Log:
 CPUs: 4 total, 4 available
 Memory: 7591M
 Large Page Support: Disabled
 NUMA Support: Disabled
 Compressed Oops: Enabled (32-bit)
 Heap Region Size: 1M
 Heap Min Capacity: 8M
 Heap Initial Capacity: 120M
 Heap Max Capacity: 1898M
 Pre-touch: Disabled
 Parallel Workers: 4
 Concurrent Workers: 1
 Concurrent Refinement Workers: 4
 Periodic GC: Disabled

Heap:
 garbage-first heap   total 192512K, used 145155K [0x0000000089600000, 0x0000000100000000)
  region size 1024K, 64 young (65536K), 11 survivors (11264K)
 Metaspace       used 40951K, committed 41408K, reserved 1114112K
  class space    used 4672K, committed 4864K, reserved 1048576K

Heap Regions: E=young(eden), S=young(survivor), O=old, HS=humongous(starts), HC=humongous(continues), CS=collection set, F=free, OA=open archive, CA=closed archive, TAMS=top-at-mark-start (previous, next)
|   0|0x0000000089600000, 0x0000000089700000, 0x0000000089700000|100%| O|  |TAMS 0x0000000089700000, 0x0000000089600000| Untracked 
|   1|0x0000000089700000, 0x0000000089800000, 0x0000000089800000|100%| O|  |TAMS 0x0000000089800000, 0x0000000089700000| Untracked 
|   2|0x0000000089800000, 0x0000000089900000, 0x0000000089900000|100%| O|  |TAMS 0x0000000089900000, 0x0000000089800000| Untracked 
|   3|0x0000000089900000, 0x0000000089a00000, 0x0000000089a00000|100%| O|  |TAMS 0x0000000089a00000, 0x0000000089900000| Untracked 
|   4|0x0000000089a00000, 0x0000000089b00000, 0x0000000089b00000|100%| O|  |TAMS 0x0000000089b00000, 0x0000000089a00000| Untracked 
|   5|0x0000000089b00000, 0x0000000089c00000, 0x0000000089c00000|100%| O|  |TAMS 0x0000000089c00000, 0x0000000089b00000| Untracked 
|   6|0x0000000089c00000, 0x0000000089d00000, 0x0000000089d00000|100%| O|  |TAMS 0x0000000089d00000, 0x0000000089c00000| Untracked 
|   7|0x0000000089d00000, 0x0000000089e00000, 0x0000000089e00000|100%| O|  |TAMS 0x0000000089e00000, 0x0000000089d00000| Untracked 
|   8|0x0000000089e00000, 0x0000000089f00000, 0x0000000089f00000|100%| O|  |TAMS 0x0000000089f00000, 0x0000000089e00000| Untracked 
|   9|0x0000000089f00000, 0x000000008a000000, 0x000000008a000000|100%| O|  |TAMS 0x000000008a000000, 0x0000000089f00000| Untracked 
|  10|0x000000008a000000, 0x000000008a100000, 0x000000008a100000|100%| O|  |TAMS 0x000000008a100000, 0x000000008a000000| Untracked 
|  11|0x000000008a100000, 0x000000008a200000, 0x000000008a200000|100%| O|  |TAMS 0x000000008a200000, 0x000000008a100000| Untracked 
|  12|0x000000008a200000, 0x000000008a300000, 0x000000008a300000|100%| O|  |TAMS 0x000000008a300000, 0x000000008a200000| Untracked 
|  13|0x000000008a300000, 0x000000008a400000, 0x000000008a400000|100%| O|  |TAMS 0x000000008a400000, 0x000000008a300000| Untracked 
|  14|0x000000008a400000, 0x000000008a500000, 0x000000008a500000|100%| O|  |TAMS 0x000000008a500000, 0x000000008a400000| Untracked 
|  15|0x000000008a500000, 0x000000008a600000, 0x000000008a600000|100%| O|  |TAMS 0x000000008a600000, 0x000000008a500000| Untracked 
|  16|0x000000008a600000, 0x000000008a700000, 0x000000008a700000|100%| O|  |TAMS 0x000000008a600000, 0x000000008a600000| Untracked 
|  17|0x000000008a700000, 0x000000008a800000, 0x000000008a800000|100%|HS|  |TAMS 0x000000008a800000, 0x000000008a700000| Complete 
|  18|0x000000008a800000, 0x000000008a900000, 0x000000008a900000|100%| O|  |TAMS 0x000000008a900000, 0x000000008a800000| Untracked 
|  19|0x000000008a900000, 0x000000008aa00000, 0x000000008aa00000|100%| O|  |TAMS 0x000000008aa00000, 0x000000008a900000| Untracked 
|  20|0x000000008aa00000, 0x000000008ab00000, 0x000000008ab00000|100%| O|  |TAMS 0x000000008ab00000, 0x000000008aa00000| Untracked 
|  21|0x000000008ab00000, 0x000000008ac00000, 0x000000008ac00000|100%| O|  |TAMS 0x000000008ac00000, 0x000000008ab00000| Untracked 
|  22|0x000000008ac00000, 0x000000008ad00000, 0x000000008ad00000|100%| O|  |TAMS 0x000000008ad00000, 0x000000008ac00000| Untracked 
|  23|0x000000008ad00000, 0x000000008ae00000, 0x000000008ae00000|100%| O|  |TAMS 0x000000008ae00000, 0x000000008ad00000| Untracked 
|  24|0x000000008ae00000, 0x000000008af00000, 0x000000008af00000|100%| O|  |TAMS 0x000000008af00000, 0x000000008ae00000| Untracked 
|  25|0x000000008af00000, 0x000000008b000000, 0x000000008b000000|100%| O|  |TAMS 0x000000008b000000, 0x000000008af00000| Untracked 
|  26|0x000000008b000000, 0x000000008b100000, 0x000000008b100000|100%| O|  |TAMS 0x000000008b100000, 0x000000008b000000| Untracked 
|  27|0x000000008b100000, 0x000000008b200000, 0x000000008b200000|100%| O|  |TAMS 0x000000008b200000, 0x000000008b100000| Untracked 
|  28|0x000000008b200000, 0x000000008b300000, 0x000000008b300000|100%|HS|  |TAMS 0x000000008b200000, 0x000000008b200000| Complete 
|  29|0x000000008b300000, 0x000000008b400000, 0x000000008b400000|100%| O|  |TAMS 0x000000008b400000, 0x000000008b300000| Untracked 
|  30|0x000000008b400000, 0x000000008b500000, 0x000000008b500000|100%| O|  |TAMS 0x000000008b500000, 0x000000008b400000| Untracked 
|  31|0x000000008b500000, 0x000000008b600000, 0x000000008b600000|100%| O|  |TAMS 0x000000008b600000, 0x000000008b500000| Untracked 
|  32|0x000000008b600000, 0x000000008b700000, 0x000000008b700000|100%| O|  |TAMS 0x000000008b700000, 0x000000008b600000| Untracked 
|  33|0x000000008b700000, 0x000000008b800000, 0x000000008b800000|100%| O|  |TAMS 0x000000008b800000, 0x000000008b700000| Untracked 
|  34|0x000000008b800000, 0x000000008b900000, 0x000000008b900000|100%| O|  |TAMS 0x000000008b900000, 0x000000008b800000| Untracked 
|  35|0x000000008b900000, 0x000000008ba00000, 0x000000008ba00000|100%| O|  |TAMS 0x000000008ba00000, 0x000000008b900000| Untracked 
|  36|0x000000008ba00000, 0x000000008bb00000, 0x000000008bb00000|100%| O|  |TAMS 0x000000008bb00000, 0x000000008ba00000| Untracked 
|  37|0x000000008bb00000, 0x000000008bc00000, 0x000000008bc00000|100%|HS|  |TAMS 0x000000008bc00000, 0x000000008bb00000| Complete 
|  38|0x000000008bc00000, 0x000000008bd00000, 0x000000008bd00000|100%| O|  |TAMS 0x000000008bd00000, 0x000000008bc00000| Untracked 
|  39|0x000000008bd00000, 0x000000008be00000, 0x000000008be00000|100%| O|  |TAMS 0x000000008be00000, 0x000000008bd00000| Untracked 
|  40|0x000000008be00000, 0x000000008bf00000, 0x000000008bf00000|100%| O|  |TAMS 0x000000008bf00000, 0x000000008be00000| Untracked 
|  41|0x000000008bf00000, 0x000000008c000000, 0x000000008c000000|100%| O|  |TAMS 0x000000008c000000, 0x000000008bf00000| Untracked 
|  42|0x000000008c000000, 0x000000008c100000, 0x000000008c100000|100%| O|  |TAMS 0x000000008c100000, 0x000000008c000000| Untracked 
|  43|0x000000008c100000, 0x000000008c200000, 0x000000008c200000|100%| O|  |TAMS 0x000000008c200000, 0x000000008c100000| Untracked 
|  44|0x000000008c200000, 0x000000008c300000, 0x000000008c300000|100%| O|  |TAMS 0x000000008c300000, 0x000000008c200000| Untracked 
|  45|0x000000008c300000, 0x000000008c400000, 0x000000008c400000|100%| O|  |TAMS 0x000000008c400000, 0x000000008c300000| Untracked 
|  46|0x000000008c400000, 0x000000008c500000, 0x000000008c500000|100%| O|  |TAMS 0x000000008c500000, 0x000000008c400000| Untracked 
|  47|0x000000008c500000, 0x000000008c600000, 0x000000008c600000|100%| O|  |TAMS 0x000000008c600000, 0x000000008c500000| Untracked 
|  48|0x000000008c600000, 0x000000008c700000, 0x000000008c700000|100%| O|  |TAMS 0x000000008c700000, 0x000000008c600000| Untracked 
|  49|0x000000008c700000, 0x000000008c800000, 0x000000008c800000|100%| O|  |TAMS 0x000000008c800000, 0x000000008c700000| Untracked 
|  50|0x000000008c800000, 0x000000008c900000, 0x000000008c900000|100%|HS|  |TAMS 0x000000008c900000, 0x000000008c800000| Complete 
|  51|0x000000008c900000, 0x000000008ca00000, 0x000000008ca00000|100%|HC|  |TAMS 0x000000008ca00000, 0x000000008c900000| Complete 
|  52|0x000000008ca00000, 0x000000008cb00000, 0x000000008cb00000|100%| O|  |TAMS 0x000000008ca56000, 0x000000008ca00000| Untracked 
|  53|0x000000008cb00000, 0x000000008cc00000, 0x000000008cc00000|100%| O|  |TAMS 0x000000008cb00000, 0x000000008cb00000| Untracked 
|  54|0x000000008cc00000, 0x000000008cd00000, 0x000000008cd00000|100%| O|  |TAMS 0x000000008cc00000, 0x000000008cc00000| Untracked 
|  55|0x000000008cd00000, 0x000000008ce00000, 0x000000008ce00000|100%| O|  |TAMS 0x000000008cd00000, 0x000000008cd00000| Untracked 
|  56|0x000000008ce00000, 0x000000008cf00000, 0x000000008cf00000|100%| O|  |TAMS 0x000000008ce00000, 0x000000008ce00000| Untracked 
|  57|0x000000008cf00000, 0x000000008d000000, 0x000000008d000000|100%|HS|  |TAMS 0x000000008cf00000, 0x000000008cf00000| Complete 
|  58|0x000000008d000000, 0x000000008d100000, 0x000000008d100000|100%|HS|  |TAMS 0x000000008d000000, 0x000000008d000000| Complete 
|  59|0x000000008d100000, 0x000000008d200000, 0x000000008d200000|100%| O|  |TAMS 0x000000008d100000, 0x000000008d100000| Untracked 
|  60|0x000000008d200000, 0x000000008d300000, 0x000000008d300000|100%|HS|  |TAMS 0x000000008d200000, 0x000000008d200000| Complete 
|  61|0x000000008d300000, 0x000000008d400000, 0x000000008d400000|100%|HC|  |TAMS 0x000000008d300000, 0x000000008d300000| Complete 
|  62|0x000000008d400000, 0x000000008d500000, 0x000000008d500000|100%| O|  |TAMS 0x000000008d400000, 0x000000008d400000| Untracked 
|  63|0x000000008d500000, 0x000000008d600000, 0x000000008d600000|100%| O|  |TAMS 0x000000008d500000, 0x000000008d500000| Untracked 
|  64|0x000000008d600000, 0x000000008d700000, 0x000000008d700000|100%| O|  |TAMS 0x000000008d600000, 0x000000008d600000| Untracked 
|  65|0x000000008d700000, 0x000000008d800000, 0x000000008d800000|100%| O|  |TAMS 0x000000008d700000, 0x000000008d700000| Untracked 
|  66|0x000000008d800000, 0x000000008d900000, 0x000000008d900000|100%| O|  |TAMS 0x000000008d800000, 0x000000008d800000| Untracked 
|  67|0x000000008d900000, 0x000000008da00000, 0x000000008da00000|100%| O|  |TAMS 0x000000008d900000, 0x000000008d900000| Untracked 
|  68|0x000000008da00000, 0x000000008db00000, 0x000000008db00000|100%| O|  |TAMS 0x000000008da00000, 0x000000008da00000| Untracked 
|  69|0x000000008db00000, 0x000000008dc00000, 0x000000008dc00000|100%| O|  |TAMS 0x000000008db00000, 0x000000008db00000| Untracked 
|  70|0x000000008dc00000, 0x000000008dd00000, 0x000000008dd00000|100%| O|  |TAMS 0x000000008dc00000, 0x000000008dc00000| Untracked 
|  71|0x000000008dd00000, 0x000000008de00000, 0x000000008de00000|100%| O|  |TAMS 0x000000008dd00000, 0x000000008dd00000| Untracked 
|  72|0x000000008de00000, 0x000000008df00000, 0x000000008df00000|100%| O|  |TAMS 0x000000008de00000, 0x000000008de00000| Untracked 
|  73|0x000000008df00000, 0x000000008e000000, 0x000000008e000000|100%| O|  |TAMS 0x000000008df00000, 0x000000008df00000| Untracked 
|  74|0x000000008e000000, 0x000000008e100000, 0x000000008e100000|100%| O|  |TAMS 0x000000008e000000, 0x000000008e000000| Untracked 
|  75|0x000000008e100000, 0x000000008e200000, 0x000000008e200000|100%| O|  |TAMS 0x000000008e100000, 0x000000008e100000| Untracked 
|  76|0x000000008e200000, 0x000000008e300000, 0x000000008e300000|100%| O|  |TAMS 0x000000008e200000, 0x000000008e200000| Untracked 
|  77|0x000000008e300000, 0x000000008e400000, 0x000000008e400000|100%| O|  |TAMS 0x000000008e300000, 0x000000008e300000| Untracked 
|  78|0x000000008e400000, 0x000000008e4c0e00, 0x000000008e500000| 75%| O|  |TAMS 0x000000008e400000, 0x000000008e400000| Untracked 
|  79|0x000000008e500000, 0x000000008e500000, 0x000000008e600000|  0%| F|  |TAMS 0x000000008e500000, 0x000000008e500000| Untracked 
|  80|0x000000008e600000, 0x000000008e600000, 0x000000008e700000|  0%| F|  |TAMS 0x000000008e600000, 0x000000008e600000| Untracked 
|  81|0x000000008e700000, 0x000000008e700000, 0x000000008e800000|  0%| F|  |TAMS 0x000000008e700000, 0x000000008e700000| Untracked 
|  82|0x000000008e800000, 0x000000008e800000, 0x000000008e900000|  0%| F|  |TAMS 0x000000008e800000, 0x000000008e800000| Untracked 
|  83|0x000000008e900000, 0x000000008e900000, 0x000000008ea00000|  0%| F|  |TAMS 0x000000008e900000, 0x000000008e900000| Untracked 
|  84|0x000000008ea00000, 0x000000008ea00000, 0x000000008eb00000|  0%| F|  |TAMS 0x000000008ea00000, 0x000000008ea00000| Untracked 
|  85|0x000000008eb00000, 0x000000008eb00000, 0x000000008ec00000|  0%| F|  |TAMS 0x000000008eb00000, 0x000000008eb00000| Untracked 
|  86|0x000000008ec00000, 0x000000008ec00000, 0x000000008ed00000|  0%| F|  |TAMS 0x000000008ec00000, 0x000000008ec00000| Untracked 
|  87|0x000000008ed00000, 0x000000008ed00000, 0x000000008ee00000|  0%| F|  |TAMS 0x000000008ed00000, 0x000000008ed00000| Untracked 
|  88|0x000000008ee00000, 0x000000008ee00000, 0x000000008ef00000|  0%| F|  |TAMS 0x000000008ee00000, 0x000000008ee00000| Untracked 
|  89|0x000000008ef00000, 0x000000008ef00000, 0x000000008f000000|  0%| F|  |TAMS 0x000000008ef00000, 0x000000008ef00000| Untracked 
|  90|0x000000008f000000, 0x000000008f000000, 0x000000008f100000|  0%| F|  |TAMS 0x000000008f000000, 0x000000008f000000| Untracked 
|  91|0x000000008f100000, 0x000000008f200000, 0x000000008f200000|100%| S|CS|TAMS 0x000000008f100000, 0x000000008f100000| Complete 
|  92|0x000000008f200000, 0x000000008f200000, 0x000000008f300000|  0%| F|  |TAMS 0x000000008f200000, 0x000000008f200000| Untracked 
|  93|0x000000008f300000, 0x000000008f300000, 0x000000008f400000|  0%| F|  |TAMS 0x000000008f300000, 0x000000008f300000| Untracked 
|  94|0x000000008f400000, 0x000000008f400000, 0x000000008f500000|  0%| F|  |TAMS 0x000000008f400000, 0x000000008f400000| Untracked 
|  95|0x000000008f500000, 0x000000008f500000, 0x000000008f600000|  0%| F|  |TAMS 0x000000008f500000, 0x000000008f500000| Untracked 
|  96|0x000000008f600000, 0x000000008f600000, 0x000000008f700000|  0%| F|  |TAMS 0x000000008f600000, 0x000000008f600000| Untracked 
|  97|0x000000008f700000, 0x000000008f700000, 0x000000008f800000|  0%| F|  |TAMS 0x000000008f700000, 0x000000008f700000| Untracked 
|  98|0x000000008f800000, 0x000000008f800000, 0x000000008f900000|  0%| F|  |TAMS 0x000000008f800000, 0x000000008f800000| Untracked 
|  99|0x000000008f900000, 0x000000008f900000, 0x000000008fa00000|  0%| F|  |TAMS 0x000000008f900000, 0x000000008f900000| Untracked 
| 100|0x000000008fa00000, 0x000000008fa00000, 0x000000008fb00000|  0%| F|  |TAMS 0x000000008fa00000, 0x000000008fa00000| Untracked 
| 101|0x000000008fb00000, 0x000000008fb00000, 0x000000008fc00000|  0%| F|  |TAMS 0x000000008fb00000, 0x000000008fb00000| Untracked 
| 102|0x000000008fc00000, 0x000000008fd00000, 0x000000008fd00000|100%| S|CS|TAMS 0x000000008fc00000, 0x000000008fc00000| Complete 
| 103|0x000000008fd00000, 0x000000008fe00000, 0x000000008fe00000|100%| S|CS|TAMS 0x000000008fd00000, 0x000000008fd00000| Complete 
| 104|0x000000008fe00000, 0x000000008ff00000, 0x000000008ff00000|100%| S|CS|TAMS 0x000000008fe00000, 0x000000008fe00000| Complete 
| 105|0x000000008ff00000, 0x0000000090000000, 0x0000000090000000|100%| S|CS|TAMS 0x000000008ff00000, 0x000000008ff00000| Complete 
| 106|0x0000000090000000, 0x0000000090100000, 0x0000000090100000|100%| S|CS|TAMS 0x0000000090000000, 0x0000000090000000| Complete 
| 107|0x0000000090100000, 0x0000000090200000, 0x0000000090200000|100%| S|CS|TAMS 0x0000000090100000, 0x0000000090100000| Complete 
| 108|0x0000000090200000, 0x0000000090300000, 0x0000000090300000|100%| S|CS|TAMS 0x0000000090200000, 0x0000000090200000| Complete 
| 109|0x0000000090300000, 0x0000000090400000, 0x0000000090400000|100%| S|CS|TAMS 0x0000000090300000, 0x0000000090300000| Complete 
| 110|0x0000000090400000, 0x0000000090500000, 0x0000000090500000|100%| S|CS|TAMS 0x0000000090400000, 0x0000000090400000| Complete 
| 111|0x0000000090500000, 0x0000000090600000, 0x0000000090600000|100%| S|CS|TAMS 0x0000000090500000, 0x0000000090500000| Complete 
| 112|0x0000000090600000, 0x0000000090600000, 0x0000000090700000|  0%| F|  |TAMS 0x0000000090600000, 0x0000000090600000| Untracked 
| 113|0x0000000090700000, 0x0000000090700000, 0x0000000090800000|  0%| F|  |TAMS 0x0000000090700000, 0x0000000090700000| Untracked 
| 114|0x0000000090800000, 0x0000000090800000, 0x0000000090900000|  0%| F|  |TAMS 0x0000000090800000, 0x0000000090800000| Untracked 
| 115|0x0000000090900000, 0x0000000090900000, 0x0000000090a00000|  0%| F|  |TAMS 0x0000000090900000, 0x0000000090900000| Untracked 
| 116|0x0000000090a00000, 0x0000000090a00000, 0x0000000090b00000|  0%| F|  |TAMS 0x0000000090a00000, 0x0000000090a00000| Untracked 
| 117|0x0000000090b00000, 0x0000000090b00000, 0x0000000090c00000|  0%| F|  |TAMS 0x0000000090b00000, 0x0000000090b00000| Untracked 
| 118|0x0000000090c00000, 0x0000000090c00000, 0x0000000090d00000|  0%| F|  |TAMS 0x0000000090c00000, 0x0000000090c00000| Untracked 
| 119|0x0000000090d00000, 0x0000000090d00000, 0x0000000090e00000|  0%| F|  |TAMS 0x0000000090d00000, 0x0000000090d00000| Untracked 
| 120|0x0000000090e00000, 0x0000000090e00000, 0x0000000090f00000|  0%| F|  |TAMS 0x0000000090e00000, 0x0000000090e00000| Untracked 
| 121|0x0000000090f00000, 0x0000000090f00000, 0x0000000091000000|  0%| F|  |TAMS 0x0000000090f00000, 0x0000000090f00000| Untracked 
| 122|0x0000000091000000, 0x0000000091000000, 0x0000000091100000|  0%| F|  |TAMS 0x0000000091000000, 0x0000000091000000| Untracked 
| 123|0x0000000091100000, 0x0000000091100000, 0x0000000091200000|  0%| F|  |TAMS 0x0000000091100000, 0x0000000091100000| Untracked 
| 124|0x0000000091200000, 0x0000000091200000, 0x0000000091300000|  0%| F|  |TAMS 0x0000000091200000, 0x0000000091200000| Untracked 
| 125|0x0000000091300000, 0x0000000091300000, 0x0000000091400000|  0%| F|  |TAMS 0x0000000091300000, 0x0000000091300000| Untracked 
| 126|0x0000000091400000, 0x0000000091400000, 0x0000000091500000|  0%| F|  |TAMS 0x0000000091400000, 0x0000000091400000| Untracked 
| 127|0x0000000091500000, 0x0000000091500000, 0x0000000091600000|  0%| F|  |TAMS 0x0000000091500000, 0x0000000091500000| Untracked 
| 128|0x0000000091600000, 0x0000000091600000, 0x0000000091700000|  0%| F|  |TAMS 0x0000000091600000, 0x0000000091600000| Untracked 
| 129|0x0000000091700000, 0x0000000091700000, 0x0000000091800000|  0%| F|  |TAMS 0x0000000091700000, 0x0000000091700000| Untracked 
| 130|0x0000000091800000, 0x0000000091800000, 0x0000000091900000|  0%| F|  |TAMS 0x0000000091800000, 0x0000000091800000| Untracked 
| 131|0x0000000091900000, 0x0000000091900000, 0x0000000091a00000|  0%| F|  |TAMS 0x0000000091900000, 0x0000000091900000| Untracked 
| 132|0x0000000091a00000, 0x0000000091a00000, 0x0000000091b00000|  0%| F|  |TAMS 0x0000000091a00000, 0x0000000091a00000| Untracked 
| 133|0x0000000091b00000, 0x0000000091b00000, 0x0000000091c00000|  0%| F|  |TAMS 0x0000000091b00000, 0x0000000091b00000| Untracked 
| 134|0x0000000091c00000, 0x0000000091c00000, 0x0000000091d00000|  0%| F|  |TAMS 0x0000000091c00000, 0x0000000091c00000| Untracked 
| 135|0x0000000091d00000, 0x0000000091e00000, 0x0000000091e00000|100%| E|  |TAMS 0x0000000091d00000, 0x0000000091d00000| Complete 
| 136|0x0000000091e00000, 0x0000000091f00000, 0x0000000091f00000|100%| E|CS|TAMS 0x0000000091e00000, 0x0000000091e00000| Complete 
| 137|0x0000000091f00000, 0x0000000092000000, 0x0000000092000000|100%| E|CS|TAMS 0x0000000091f00000, 0x0000000091f00000| Complete 
| 138|0x0000000092000000, 0x0000000092100000, 0x0000000092100000|100%| E|CS|TAMS 0x0000000092000000, 0x0000000092000000| Complete 
| 139|0x0000000092100000, 0x0000000092200000, 0x0000000092200000|100%| E|CS|TAMS 0x0000000092100000, 0x0000000092100000| Complete 
| 140|0x0000000092200000, 0x0000000092300000, 0x0000000092300000|100%| E|CS|TAMS 0x0000000092200000, 0x0000000092200000| Complete 
| 141|0x0000000092300000, 0x0000000092400000, 0x0000000092400000|100%| E|CS|TAMS 0x0000000092300000, 0x0000000092300000| Complete 
| 142|0x0000000092400000, 0x0000000092500000, 0x0000000092500000|100%| E|CS|TAMS 0x0000000092400000, 0x0000000092400000| Complete 
| 143|0x0000000092500000, 0x0000000092600000, 0x0000000092600000|100%| E|CS|TAMS 0x0000000092500000, 0x0000000092500000| Complete 
| 144|0x0000000092600000, 0x0000000092700000, 0x0000000092700000|100%| E|CS|TAMS 0x0000000092600000, 0x0000000092600000| Complete 
| 145|0x0000000092700000, 0x0000000092800000, 0x0000000092800000|100%| E|CS|TAMS 0x0000000092700000, 0x0000000092700000| Complete 
| 146|0x0000000092800000, 0x0000000092900000, 0x0000000092900000|100%| E|CS|TAMS 0x0000000092800000, 0x0000000092800000| Complete 
| 147|0x0000000092900000, 0x0000000092a00000, 0x0000000092a00000|100%| E|CS|TAMS 0x0000000092900000, 0x0000000092900000| Complete 
| 148|0x0000000092a00000, 0x0000000092b00000, 0x0000000092b00000|100%| E|CS|TAMS 0x0000000092a00000, 0x0000000092a00000| Complete 
| 149|0x0000000092b00000, 0x0000000092c00000, 0x0000000092c00000|100%| E|CS|TAMS 0x0000000092b00000, 0x0000000092b00000| Complete 
| 150|0x0000000092c00000, 0x0000000092d00000, 0x0000000092d00000|100%| E|CS|TAMS 0x0000000092c00000, 0x0000000092c00000| Complete 
| 151|0x0000000092d00000, 0x0000000092e00000, 0x0000000092e00000|100%| E|CS|TAMS 0x0000000092d00000, 0x0000000092d00000| Complete 
| 152|0x0000000092e00000, 0x0000000092f00000, 0x0000000092f00000|100%| E|CS|TAMS 0x0000000092e00000, 0x0000000092e00000| Complete 
| 153|0x0000000092f00000, 0x0000000093000000, 0x0000000093000000|100%| E|CS|TAMS 0x0000000092f00000, 0x0000000092f00000| Complete 
| 154|0x0000000093000000, 0x0000000093100000, 0x0000000093100000|100%| E|CS|TAMS 0x0000000093000000, 0x0000000093000000| Complete 
| 155|0x0000000093100000, 0x0000000093200000, 0x0000000093200000|100%| E|CS|TAMS 0x0000000093100000, 0x0000000093100000| Complete 
| 156|0x0000000093200000, 0x0000000093300000, 0x0000000093300000|100%| E|CS|TAMS 0x0000000093200000, 0x0000000093200000| Complete 
| 157|0x0000000093300000, 0x0000000093400000, 0x0000000093400000|100%| E|CS|TAMS 0x0000000093300000, 0x0000000093300000| Complete 
| 158|0x0000000093400000, 0x0000000093500000, 0x0000000093500000|100%| E|CS|TAMS 0x0000000093400000, 0x0000000093400000| Complete 
| 159|0x0000000093500000, 0x0000000093600000, 0x0000000093600000|100%| E|CS|TAMS 0x0000000093500000, 0x0000000093500000| Complete 
| 160|0x0000000093600000, 0x0000000093700000, 0x0000000093700000|100%| E|CS|TAMS 0x0000000093600000, 0x0000000093600000| Complete 
| 161|0x0000000093700000, 0x0000000093800000, 0x0000000093800000|100%| E|CS|TAMS 0x0000000093700000, 0x0000000093700000| Complete 
| 162|0x0000000093800000, 0x0000000093900000, 0x0000000093900000|100%| E|CS|TAMS 0x0000000093800000, 0x0000000093800000| Complete 
| 163|0x0000000093900000, 0x0000000093a00000, 0x0000000093a00000|100%| E|CS|TAMS 0x0000000093900000, 0x0000000093900000| Complete 
| 164|0x0000000093a00000, 0x0000000093b00000, 0x0000000093b00000|100%| E|CS|TAMS 0x0000000093a00000, 0x0000000093a00000| Complete 
| 165|0x0000000093b00000, 0x0000000093c00000, 0x0000000093c00000|100%| E|CS|TAMS 0x0000000093b00000, 0x0000000093b00000| Complete 
| 166|0x0000000093c00000, 0x0000000093d00000, 0x0000000093d00000|100%| E|CS|TAMS 0x0000000093c00000, 0x0000000093c00000| Complete 
| 167|0x0000000093d00000, 0x0000000093e00000, 0x0000000093e00000|100%| E|CS|TAMS 0x0000000093d00000, 0x0000000093d00000| Complete 
| 168|0x0000000093e00000, 0x0000000093f00000, 0x0000000093f00000|100%| E|CS|TAMS 0x0000000093e00000, 0x0000000093e00000| Complete 
| 169|0x0000000093f00000, 0x0000000094000000, 0x0000000094000000|100%| E|CS|TAMS 0x0000000093f00000, 0x0000000093f00000| Complete 
| 170|0x0000000094000000, 0x0000000094100000, 0x0000000094100000|100%| E|CS|TAMS 0x0000000094000000, 0x0000000094000000| Complete 
| 171|0x0000000094100000, 0x0000000094200000, 0x0000000094200000|100%| E|CS|TAMS 0x0000000094100000, 0x0000000094100000| Complete 
| 172|0x0000000094200000, 0x0000000094300000, 0x0000000094300000|100%| E|CS|TAMS 0x0000000094200000, 0x0000000094200000| Complete 
| 173|0x0000000094300000, 0x0000000094400000, 0x0000000094400000|100%| E|CS|TAMS 0x0000000094300000, 0x0000000094300000| Complete 
| 174|0x0000000094400000, 0x0000000094500000, 0x0000000094500000|100%| E|CS|TAMS 0x0000000094400000, 0x0000000094400000| Complete 
| 175|0x0000000094500000, 0x0000000094600000, 0x0000000094600000|100%| E|CS|TAMS 0x0000000094500000, 0x0000000094500000| Complete 
| 176|0x0000000094600000, 0x0000000094700000, 0x0000000094700000|100%| E|CS|TAMS 0x0000000094600000, 0x0000000094600000| Complete 
| 177|0x0000000094700000, 0x0000000094800000, 0x0000000094800000|100%| E|CS|TAMS 0x0000000094700000, 0x0000000094700000| Complete 
| 178|0x0000000094800000, 0x0000000094900000, 0x0000000094900000|100%| E|CS|TAMS 0x0000000094800000, 0x0000000094800000| Complete 
| 179|0x0000000094900000, 0x0000000094a00000, 0x0000000094a00000|100%| E|CS|TAMS 0x0000000094900000, 0x0000000094900000| Complete 
| 180|0x0000000094a00000, 0x0000000094b00000, 0x0000000094b00000|100%| E|CS|TAMS 0x0000000094a00000, 0x0000000094a00000| Complete 
| 181|0x0000000094b00000, 0x0000000094c00000, 0x0000000094c00000|100%| E|CS|TAMS 0x0000000094b00000, 0x0000000094b00000| Complete 
| 182|0x0000000094c00000, 0x0000000094d00000, 0x0000000094d00000|100%| E|CS|TAMS 0x0000000094c00000, 0x0000000094c00000| Complete 
| 183|0x0000000094d00000, 0x0000000094e00000, 0x0000000094e00000|100%| E|CS|TAMS 0x0000000094d00000, 0x0000000094d00000| Complete 
| 184|0x0000000094e00000, 0x0000000094f00000, 0x0000000094f00000|100%| E|CS|TAMS 0x0000000094e00000, 0x0000000094e00000| Complete 
| 185|0x0000000094f00000, 0x0000000095000000, 0x0000000095000000|100%| E|CS|TAMS 0x0000000094f00000, 0x0000000094f00000| Complete 
| 186|0x0000000095000000, 0x0000000095100000, 0x0000000095100000|100%| E|CS|TAMS 0x0000000095000000, 0x0000000095000000| Complete 
| 187|0x0000000095100000, 0x0000000095200000, 0x0000000095200000|100%| E|CS|TAMS 0x0000000095100000, 0x0000000095100000| Complete 

Card table byte_map: [0x0000023666090000,0x0000023666450000] _byte_map_base: 0x0000023665c45000

Marking Bits (Prev, Next): (CMBitMap*) 0x000002364d375fc0, (CMBitMap*) 0x000002364d376000
 Prev Bits: [0x0000023666810000, 0x00000236685b8000)
 Next Bits: [0x00000236685c0000, 0x000002366a368000)

Polling page: 0x000002364d1b0000

Metaspace:

Usage:
  Non-class:     35.43 MB used.
      Class:      4.56 MB used.
       Both:     39.99 MB used.

Virtual space:
  Non-class space:       64.00 MB reserved,      35.69 MB ( 56%) committed,  1 nodes.
      Class space:        1.00 GB reserved,       4.75 MB ( <1%) committed,  1 nodes.
             Both:        1.06 GB reserved,      40.44 MB (  4%) committed. 

Chunk freelists:
   Non-Class:  11.91 MB
       Class:  11.14 MB
        Both:  23.05 MB

MaxMetaspaceSize: unlimited
CompressedClassSpaceSize: 1.00 GB
Initial GC threshold: 21.00 MB
Current GC threshold: 50.88 MB
CDS: on
MetaspaceReclaimPolicy: balanced
 - commit_granule_bytes: 65536.
 - commit_granule_words: 8192.
 - virtual_space_node_default_size: 8388608.
 - enlarge_chunks_in_place: 1.
 - new_chunks_are_fully_committed: 0.
 - uncommit_free_chunks: 1.
 - use_allocation_guard: 0.
 - handle_deallocations: 1.


Internal statistics:

num_allocs_failed_limit: 6.
num_arena_births: 306.
num_arena_deaths: 0.
num_vsnodes_births: 2.
num_vsnodes_deaths: 0.
num_space_committed: 646.
num_space_uncommitted: 0.
num_chunks_returned_to_freelist: 6.
num_chunks_taken_from_freelist: 1830.
num_chunk_merges: 3.
num_chunk_splits: 1260.
num_chunks_enlarged: 948.
num_inconsistent_stats: 0.

CodeHeap 'non-profiled nmethods': size=120000Kb used=4760Kb max_used=4760Kb free=115239Kb
 bounds [0x000002365e180000, 0x000002365e630000, 0x00000236656b0000]
CodeHeap 'profiled nmethods': size=120000Kb used=17331Kb max_used=18646Kb free=102669Kb
 bounds [0x00000236566b0000, 0x00000236578f0000, 0x000002365dbe0000]
CodeHeap 'non-nmethods': size=5760Kb used=1258Kb max_used=1344Kb free=4501Kb
 bounds [0x000002365dbe0000, 0x000002365de50000, 0x000002365e180000]
 total_blobs=8692 nmethods=8118 adapters=486
 compilation: enabled
              stopped_count=0, restarted_count=0
 full_count=0

Compilation events (20 events):
Event: 14.847 Thread 0x000002366c93cbc0 nmethod 9998 0x0000023657690910 code [0x0000023657690ac0, 0x0000023657690d88]
Event: 14.857 Thread 0x000002366c937dd0 nmethod 9945 0x000002365e620010 code [0x000002365e620220, 0x000002365e621bb8]
Event: 14.857 Thread 0x000002366c937dd0 9960       4       java.util.BitSet::get (69 bytes)
Event: 14.859 Thread 0x000002366c937dd0 nmethod 9960 0x000002365e622990 code [0x000002365e622b20, 0x000002365e622c38]
Event: 14.859 Thread 0x000002366c937dd0 9944       4       java.util.regex.Pattern$Branch::match (66 bytes)
Event: 14.874 Thread 0x000002366c937dd0 nmethod 9944 0x000002365e623390 code [0x000002365e623560, 0x000002365e623cf8]
Event: 14.874 Thread 0x000002366c937dd0 9963       4       sun.nio.fs.WindowsPath::compareTo (118 bytes)
Event: 14.883 Thread 0x000002366c93cbc0 10001       3       java.util.zip.CRC32::update (51 bytes)
Event: 14.883 Thread 0x000002366c93cbc0 nmethod 10001 0x00000236572e7f90 code [0x00000236572e8180, 0x00000236572e85e8]
Event: 14.883 Thread 0x000002366c93cbc0 10002       3       java.util.zip.CRC32::updateBytes (14 bytes)
Event: 14.883 Thread 0x000002366c93cbc0 nmethod 10002 0x00000236574eb010 code [0x00000236574eb1c0, 0x00000236574eb328]
Event: 14.898 Thread 0x000002366c93cbc0 10003       3       java.util.regex.Pattern::range (294 bytes)
Event: 14.900 Thread 0x000002366c93cbc0 nmethod 10003 0x00000236566c7610 code [0x00000236566c7a40, 0x00000236566c9218]
Event: 14.906 Thread 0x000002366c937dd0 nmethod 9963 0x000002365e624390 code [0x000002365e624540, 0x000002365e624f38]
Event: 14.906 Thread 0x000002366c937dd0 9962       4       sun.nio.fs.WindowsPath::<init> (26 bytes)
Event: 14.911 Thread 0x000002366c937dd0 nmethod 9962 0x000002365e625390 code [0x000002365e625500, 0x000002365e625958]
Event: 14.911 Thread 0x000002366c937dd0 9949       4       java.util.regex.Pattern$SliceNode::study (37 bytes)
Event: 14.912 Thread 0x000002366c937dd0 nmethod 9949 0x000002365e625a10 code [0x000002365e625ba0, 0x000002365e625c78]
Event: 15.008 Thread 0x000002366c93cbc0 10004       1       java.util.concurrent.atomic.AtomicInteger::get (5 bytes)
Event: 15.009 Thread 0x000002366c93cbc0 nmethod 10004 0x000002365e625d90 code [0x000002365e625f20, 0x000002365e625ff8]

GC Heap History (20 events):
Event: 7.543 GC heap before
{Heap before GC invocations=11 (full 0):
 garbage-first heap   total 89088K, used 64341K [0x0000000089600000, 0x0000000100000000)
  region size 1024K, 22 young (22528K), 4 survivors (4096K)
 Metaspace       used 26439K, committed 26816K, reserved 1114112K
  class space    used 3048K, committed 3200K, reserved 1048576K
}
Event: 7.558 GC heap after
{Heap after GC invocations=12 (full 0):
 garbage-first heap   total 89088K, used 49493K [0x0000000089600000, 0x0000000100000000)
  region size 1024K, 3 young (3072K), 3 survivors (3072K)
 Metaspace       used 26439K, committed 26816K, reserved 1114112K
  class space    used 3048K, committed 3200K, reserved 1048576K
}
Event: 7.983 GC heap before
{Heap before GC invocations=13 (full 0):
 garbage-first heap   total 89088K, used 66901K [0x0000000089600000, 0x0000000100000000)
  region size 1024K, 20 young (20480K), 3 survivors (3072K)
 Metaspace       used 27394K, committed 27648K, reserved 1114112K
  class space    used 3135K, committed 3264K, reserved 1048576K
}
Event: 7.999 GC heap after
{Heap after GC invocations=14 (full 0):
 garbage-first heap   total 89088K, used 52502K [0x0000000089600000, 0x0000000100000000)
  region size 1024K, 3 young (3072K), 3 survivors (3072K)
 Metaspace       used 27394K, committed 27648K, reserved 1114112K
  class space    used 3135K, committed 3264K, reserved 1048576K
}
Event: 8.020 GC heap before
{Heap before GC invocations=14 (full 0):
 garbage-first heap   total 89088K, used 52502K [0x0000000089600000, 0x0000000100000000)
  region size 1024K, 4 young (4096K), 3 survivors (3072K)
 Metaspace       used 27507K, committed 27840K, reserved 1114112K
  class space    used 3148K, committed 3328K, reserved 1048576K
}
Event: 8.029 GC heap after
{Heap after GC invocations=15 (full 0):
 garbage-first heap   total 89088K, used 53145K [0x0000000089600000, 0x0000000100000000)
  region size 1024K, 1 young (1024K), 1 survivors (1024K)
 Metaspace       used 27507K, committed 27840K, reserved 1114112K
  class space    used 3148K, committed 3328K, reserved 1048576K
}
Event: 8.497 GC heap before
{Heap before GC invocations=15 (full 0):
 garbage-first heap   total 89088K, used 67481K [0x0000000089600000, 0x0000000100000000)
  region size 1024K, 16 young (16384K), 1 survivors (1024K)
 Metaspace       used 30303K, committed 30656K, reserved 1114112K
  class space    used 3552K, committed 3712K, reserved 1048576K
}
Event: 8.506 GC heap after
{Heap after GC invocations=16 (full 0):
 garbage-first heap   total 89088K, used 55241K [0x0000000089600000, 0x0000000100000000)
  region size 1024K, 2 young (2048K), 2 survivors (2048K)
 Metaspace       used 30303K, committed 30656K, reserved 1114112K
  class space    used 3552K, committed 3712K, reserved 1048576K
}
Event: 9.092 GC heap before
{Heap before GC invocations=17 (full 0):
 garbage-first heap   total 96256K, used 69577K [0x0000000089600000, 0x0000000100000000)
  region size 1024K, 17 young (17408K), 2 survivors (2048K)
 Metaspace       used 32189K, committed 32512K, reserved 1114112K
  class space    used 3747K, committed 3904K, reserved 1048576K
}
Event: 9.102 GC heap after
{Heap after GC invocations=18 (full 0):
 garbage-first heap   total 96256K, used 57008K [0x0000000089600000, 0x0000000100000000)
  region size 1024K, 2 young (2048K), 2 survivors (2048K)
 Metaspace       used 32189K, committed 32512K, reserved 1114112K
  class space    used 3747K, committed 3904K, reserved 1048576K
}
Event: 9.127 GC heap before
{Heap before GC invocations=18 (full 0):
 garbage-first heap   total 96256K, used 58032K [0x0000000089600000, 0x0000000100000000)
  region size 1024K, 4 young (4096K), 2 survivors (2048K)
 Metaspace       used 32222K, committed 32576K, reserved 1114112K
  class space    used 3761K, committed 3968K, reserved 1048576K
}
Event: 9.131 GC heap after
{Heap after GC invocations=19 (full 0):
 garbage-first heap   total 192512K, used 56959K [0x0000000089600000, 0x0000000100000000)
  region size 1024K, 1 young (1024K), 1 survivors (1024K)
 Metaspace       used 32222K, committed 32576K, reserved 1114112K
  class space    used 3761K, committed 3968K, reserved 1048576K
}
Event: 10.351 GC heap before
{Heap before GC invocations=19 (full 0):
 garbage-first heap   total 192512K, used 130687K [0x0000000089600000, 0x0000000100000000)
  region size 1024K, 74 young (75776K), 1 survivors (1024K)
 Metaspace       used 34116K, committed 34496K, reserved 1114112K
  class space    used 3948K, committed 4160K, reserved 1048576K
}
Event: 10.358 GC heap after
{Heap after GC invocations=20 (full 0):
 garbage-first heap   total 192512K, used 59591K [0x0000000089600000, 0x0000000100000000)
  region size 1024K, 3 young (3072K), 3 survivors (3072K)
 Metaspace       used 34116K, committed 34496K, reserved 1114112K
  class space    used 3948K, committed 4160K, reserved 1048576K
}
Event: 11.023 GC heap before
{Heap before GC invocations=20 (full 0):
 garbage-first heap   total 192512K, used 140487K [0x0000000089600000, 0x0000000100000000)
  region size 1024K, 82 young (83968K), 3 survivors (3072K)
 Metaspace       used 34354K, committed 34752K, reserved 1114112K
  class space    used 3951K, committed 4160K, reserved 1048576K
}
Event: 11.032 GC heap after
{Heap after GC invocations=21 (full 0):
 garbage-first heap   total 192512K, used 60590K [0x0000000089600000, 0x0000000100000000)
  region size 1024K, 4 young (4096K), 4 survivors (4096K)
 Metaspace       used 34354K, committed 34752K, reserved 1114112K
  class space    used 3951K, committed 4160K, reserved 1048576K
}
Event: 12.686 GC heap before
{Heap before GC invocations=21 (full 0):
 garbage-first heap   total 192512K, used 149678K [0x0000000089600000, 0x0000000100000000)
  region size 1024K, 86 young (88064K), 4 survivors (4096K)
 Metaspace       used 36493K, committed 36864K, reserved 1114112K
  class space    used 4170K, committed 4352K, reserved 1048576K
}
Event: 12.706 GC heap after
{Heap after GC invocations=22 (full 0):
 garbage-first heap   total 192512K, used 68596K [0x0000000089600000, 0x0000000100000000)
  region size 1024K, 10 young (10240K), 10 survivors (10240K)
 Metaspace       used 36493K, committed 36864K, reserved 1114112K
  class space    used 4170K, committed 4352K, reserved 1048576K
}
Event: 13.665 GC heap before
{Heap before GC invocations=22 (full 0):
 garbage-first heap   total 192512K, used 148468K [0x0000000089600000, 0x0000000100000000)
  region size 1024K, 86 young (88064K), 10 survivors (10240K)
 Metaspace       used 37099K, committed 37568K, reserved 1114112K
  class space    used 4244K, committed 4480K, reserved 1048576K
}
Event: 13.689 GC heap after
{Heap after GC invocations=23 (full 0):
 garbage-first heap   total 192512K, used 91907K [0x0000000089600000, 0x0000000100000000)
  region size 1024K, 11 young (11264K), 11 survivors (11264K)
 Metaspace       used 37099K, committed 37568K, reserved 1114112K
  class space    used 4244K, committed 4480K, reserved 1048576K
}

Dll operation events (9 events):
Event: 0.009 Loaded shared library C:\Program Files\Eclipse Adoptium\jdk-17.0.16.8-hotspot\bin\java.dll
Event: 0.032 Loaded shared library C:\Program Files\Eclipse Adoptium\jdk-17.0.16.8-hotspot\bin\jsvml.dll
Event: 0.084 Loaded shared library C:\Program Files\Eclipse Adoptium\jdk-17.0.16.8-hotspot\bin\net.dll
Event: 0.086 Loaded shared library C:\Program Files\Eclipse Adoptium\jdk-17.0.16.8-hotspot\bin\nio.dll
Event: 0.091 Loaded shared library C:\Program Files\Eclipse Adoptium\jdk-17.0.16.8-hotspot\bin\zip.dll
Event: 0.282 Loaded shared library C:\Program Files\Eclipse Adoptium\jdk-17.0.16.8-hotspot\bin\jimage.dll
Event: 0.305 Loaded shared library C:\Users\user\AppData\Local\Temp\jansi-2.4.2-50793b8bfc533e41-jansi.dll
Event: 1.175 Loaded shared library C:\Program Files\Eclipse Adoptium\jdk-17.0.16.8-hotspot\bin\verify.dll
Event: 2.404 Loaded shared library C:\Program Files\Eclipse Adoptium\jdk-17.0.16.8-hotspot\bin\extnet.dll

Deoptimization events (20 events):
Event: 14.841 Thread 0x000002364d320670 Uncommon trap: trap_request=0xffffffc6 fr.pc=0x000002365e60e4a0 relative=0x0000000000000080
Event: 14.841 Thread 0x000002364d320670 Uncommon trap: reason=bimorphic_or_optimized_type_check action=maybe_recompile pc=0x000002365e60e4a0 method=java.util.Collections$UnmodifiableMap$UnmodifiableEntrySet$UnmodifiableEntry.getValue()Ljava/lang/Object; @ 4 c2
Event: 14.841 Thread 0x000002364d320670 DEOPT PACKING pc=0x000002365e60e4a0 sp=0x000000d1e25fd450
Event: 14.841 Thread 0x000002364d320670 DEOPT UNPACKING pc=0x000002365dc369a3 sp=0x000000d1e25fd3e0 mode 2
Event: 14.841 Thread 0x000002364d320670 Uncommon trap: trap_request=0xffffffc6 fr.pc=0x000002365e60e4a0 relative=0x0000000000000080
Event: 14.841 Thread 0x000002364d320670 Uncommon trap: reason=bimorphic_or_optimized_type_check action=maybe_recompile pc=0x000002365e60e4a0 method=java.util.Collections$UnmodifiableMap$UnmodifiableEntrySet$UnmodifiableEntry.getValue()Ljava/lang/Object; @ 4 c2
Event: 14.841 Thread 0x000002364d320670 DEOPT PACKING pc=0x000002365e60e4a0 sp=0x000000d1e25fd450
Event: 14.841 Thread 0x000002364d320670 DEOPT UNPACKING pc=0x000002365dc369a3 sp=0x000000d1e25fd3e0 mode 2
Event: 14.841 Thread 0x000002364d320670 Uncommon trap: trap_request=0xffffffc6 fr.pc=0x000002365e60e4a0 relative=0x0000000000000080
Event: 14.841 Thread 0x000002364d320670 Uncommon trap: reason=bimorphic_or_optimized_type_check action=maybe_recompile pc=0x000002365e60e4a0 method=java.util.Collections$UnmodifiableMap$UnmodifiableEntrySet$UnmodifiableEntry.getValue()Ljava/lang/Object; @ 4 c2
Event: 14.841 Thread 0x000002364d320670 DEOPT PACKING pc=0x000002365e60e4a0 sp=0x000000d1e25fd450
Event: 14.841 Thread 0x000002364d320670 DEOPT UNPACKING pc=0x000002365dc369a3 sp=0x000000d1e25fd3e0 mode 2
Event: 14.898 Thread 0x0000023673bad530 Uncommon trap: trap_request=0xffffffc6 fr.pc=0x000002365e3ccb94 relative=0x0000000000000934
Event: 14.898 Thread 0x0000023673bad530 Uncommon trap: reason=bimorphic_or_optimized_type_check action=maybe_recompile pc=0x000002365e3ccb94 method=java.util.regex.Matcher.getTextLength()I @ 4 c2
Event: 14.898 Thread 0x0000023673bad530 DEOPT PACKING pc=0x000002365e3ccb94 sp=0x000000d1e40ff370
Event: 14.898 Thread 0x0000023673bad530 DEOPT UNPACKING pc=0x000002365dc369a3 sp=0x000000d1e40ff1e0 mode 2
Event: 14.898 Thread 0x0000023673bad530 Uncommon trap: trap_request=0xffffffc6 fr.pc=0x000002365e33fd18 relative=0x0000000000000278
Event: 14.898 Thread 0x0000023673bad530 Uncommon trap: reason=bimorphic_or_optimized_type_check action=maybe_recompile pc=0x000002365e33fd18 method=java.util.regex.Matcher.getTextLength()I @ 4 c2
Event: 14.898 Thread 0x0000023673bad530 DEOPT PACKING pc=0x000002365e33fd18 sp=0x000000d1e40ff2b0
Event: 14.898 Thread 0x0000023673bad530 DEOPT UNPACKING pc=0x000002365dc369a3 sp=0x000000d1e40ff1e0 mode 2

Classes loaded (20 events):
Event: 14.841 Loading class java/lang/ProcessBuilder
Event: 14.842 Loading class java/lang/ProcessBuilder done
Event: 14.843 Loading class java/lang/ProcessImpl
Event: 14.843 Loading class java/lang/ProcessImpl done
Event: 14.860 Loading class java/lang/ProcessImpl$2
Event: 14.861 Loading class java/lang/ProcessImpl$2 done
Event: 14.861 Loading class java/lang/Process$PipeInputStream
Event: 14.861 Loading class java/lang/Process$PipeInputStream done
Event: 14.862 Loading class jdk/internal/event/ProcessStartEvent
Event: 14.862 Loading class jdk/internal/event/ProcessStartEvent done
Event: 14.863 Loading class java/nio/channels/ClosedChannelException
Event: 14.863 Loading class java/nio/channels/ClosedChannelException done
Event: 14.867 Loading class java/nio/channels/NonReadableChannelException
Event: 14.867 Loading class java/nio/channels/NonReadableChannelException done
Event: 14.868 Loading class java/nio/channels/NonWritableChannelException
Event: 14.868 Loading class java/nio/channels/NonWritableChannelException done
Event: 14.894 Loading class java/util/Scanner
Event: 14.895 Loading class java/util/Scanner done
Event: 14.897 Loading class java/util/Scanner$PatternLRUCache
Event: 14.897 Loading class java/util/Scanner$PatternLRUCache done

Classes unloaded (0 events):
No events

Classes redefined (0 events):
No events

Internal exceptions (20 events):
Event: 13.322 Thread 0x000002364d320670 Exception <a 'sun/nio/fs/WindowsException'{0x00000000913694f0}> (0x00000000913694f0) 
thrown [s\src\hotspot\share\prims\jni.cpp, line 516]
Event: 13.323 Thread 0x000002364d320670 Exception <a 'sun/nio/fs/WindowsException'{0x000000009136c1c8}> (0x000000009136c1c8) 
thrown [s\src\hotspot\share\prims\jni.cpp, line 516]
Event: 13.323 Thread 0x000002364d320670 Exception <a 'sun/nio/fs/WindowsException'{0x000000009136cf20}> (0x000000009136cf20) 
thrown [s\src\hotspot\share\prims\jni.cpp, line 516]
Event: 13.323 Thread 0x000002364d320670 Exception <a 'sun/nio/fs/WindowsException'{0x000000009137c228}> (0x000000009137c228) 
thrown [s\src\hotspot\share\prims\jni.cpp, line 516]
Event: 13.323 Thread 0x000002364d320670 Exception <a 'sun/nio/fs/WindowsException'{0x00000000913a7cb0}> (0x00000000913a7cb0) 
thrown [s\src\hotspot\share\prims\jni.cpp, line 516]
Event: 14.008 Thread 0x000002364d320670 Exception <a 'sun/nio/fs/WindowsException'{0x00000000942cdd00}> (0x00000000942cdd00) 
thrown [s\src\hotspot\share\prims\jni.cpp, line 516]
Event: 14.008 Thread 0x000002364d320670 Exception <a 'sun/nio/fs/WindowsException'{0x00000000942ce880}> (0x00000000942ce880) 
thrown [s\src\hotspot\share\prims\jni.cpp, line 516]
Event: 14.011 Thread 0x000002364d320670 Exception <a 'sun/nio/fs/WindowsException'{0x00000000942f8ab0}> (0x00000000942f8ab0) 
thrown [s\src\hotspot\share\prims\jni.cpp, line 516]
Event: 14.011 Thread 0x000002364d320670 Exception <a 'sun/nio/fs/WindowsException'{0x00000000942f9630}> (0x00000000942f9630) 
thrown [s\src\hotspot\share\prims\jni.cpp, line 516]
Event: 14.014 Thread 0x000002364d320670 Exception <a 'sun/nio/fs/WindowsException'{0x000000009412cd28}> (0x000000009412cd28) 
thrown [s\src\hotspot\share\prims\jni.cpp, line 516]
Event: 14.015 Thread 0x000002364d320670 Exception <a 'sun/nio/fs/WindowsException'{0x000000009412d8a8}> (0x000000009412d8a8) 
thrown [s\src\hotspot\share\prims\jni.cpp, line 516]
Event: 14.016 Thread 0x000002364d320670 Exception <a 'sun/nio/fs/WindowsException'{0x000000009414f578}> (0x000000009414f578) 
thrown [s\src\hotspot\share\prims\jni.cpp, line 516]
Event: 14.016 Thread 0x000002364d320670 Exception <a 'sun/nio/fs/WindowsException'{0x00000000941500f8}> (0x00000000941500f8) 
thrown [s\src\hotspot\share\prims\jni.cpp, line 516]
Event: 14.432 Thread 0x0000023673ba9d80 Implicit null exception at 0x000002365e348e0c to 0x000002365e348ea8
Event: 14.437 Thread 0x0000023673ba9d80 Exception <a 'java/lang/NoSuchMethodError'{0x0000000092d0cf88}: 'java.lang.Object java.lang.invoke.DirectMethodHandle$Holder.invokeStaticInit(java.lang.Object, java.lang.Object, long, java.lang.Object)'> (0x0000000092d0cf88) 
thrown [s\src\hotspot\share\interpreter\linkResolver.cpp, line 759]
Event: 14.438 Thread 0x0000023673ba9d80 Exception <a 'java/lang/NoSuchMethodError'{0x0000000092d13650}: 'java.lang.Object java.lang.invoke.DirectMethodHandle$Holder.newInvokeSpecial(java.lang.Object, java.lang.Object, long)'> (0x0000000092d13650) 
thrown [s\src\hotspot\share\interpreter\linkResolver.cpp, line 759]
Event: 14.439 Thread 0x0000023673ba9d80 Exception <a 'java/lang/NoSuchMethodError'{0x0000000092d171c0}: 'java.lang.Object java.lang.invoke.Invokers$Holder.linkToTargetMethod(java.lang.Object, long, java.lang.Object)'> (0x0000000092d171c0) 
thrown [s\src\hotspot\share\interpreter\linkResolver.cpp, line 759]
Event: 14.545 Thread 0x000002364d320670 Exception <a 'java/lang/NoSuchMethodError'{0x0000000092cbda88}: 'java.lang.Object java.lang.invoke.DirectMethodHandle$Holder.invokeStaticInit(java.lang.Object, java.lang.Object, int, int, int, int)'> (0x0000000092cbda88) 
thrown [s\src\hotspot\share\interpreter\linkResolver.cpp, line 759]
Event: 14.859 Thread 0x000002364d320670 Exception <a 'java/lang/NoSuchMethodError'{0x00000000920a5900}: 'void java.lang.invoke.DirectMethodHandle$Holder.invokeStatic(java.lang.Object, long)'> (0x00000000920a5900) 
thrown [s\src\hotspot\share\interpreter\linkResolver.cpp, line 759]
Event: 14.860 Thread 0x000002364d320670 Exception <a 'java/lang/NoSuchMethodError'{0x00000000920aaf50}: 'java.lang.Object java.lang.invoke.DirectMethodHandle$Holder.newInvokeSpecial(java.lang.Object, long)'> (0x00000000920aaf50) 
thrown [s\src\hotspot\share\interpreter\linkResolver.cpp, line 759]

VM Operations (20 events):
Event: 12.333 Executing VM operation: HandshakeAllThreads
Event: 12.333 Executing VM operation: HandshakeAllThreads done
Event: 12.685 Executing VM operation: G1CollectForAllocation
Event: 12.706 Executing VM operation: G1CollectForAllocation done
Event: 13.665 Executing VM operation: G1CollectForAllocation
Event: 13.689 Executing VM operation: G1CollectForAllocation done
Event: 14.401 Executing VM operation: HandshakeAllThreads
Event: 14.401 Executing VM operation: HandshakeAllThreads done
Event: 14.405 Executing VM operation: ICBufferFull
Event: 14.406 Executing VM operation: ICBufferFull done
Event: 14.407 Executing VM operation: HandshakeAllThreads
Event: 14.407 Executing VM operation: HandshakeAllThreads done
Event: 14.718 Executing VM operation: HandshakeAllThreads
Event: 14.718 Executing VM operation: HandshakeAllThreads done
Event: 14.755 Executing VM operation: HandshakeAllThreads
Event: 14.755 Executing VM operation: HandshakeAllThreads done
Event: 14.764 Executing VM operation: HandshakeAllThreads
Event: 14.764 Executing VM operation: HandshakeAllThreads done
Event: 14.862 Executing VM operation: HandshakeAllThreads
Event: 14.862 Executing VM operation: HandshakeAllThreads done

Memory protections (0 events):
No events

Nmethod flushes (20 events):
Event: 12.349 Thread 0x000002366c93d4d0 flushing  nmethod 0x0000023657747510
Event: 12.349 Thread 0x000002366c93d4d0 flushing  nmethod 0x0000023657748710
Event: 12.349 Thread 0x000002366c93d4d0 flushing  nmethod 0x0000023657749810
Event: 12.349 Thread 0x000002366c93d4d0 flushing  nmethod 0x000002365774ba90
Event: 12.349 Thread 0x000002366c93d4d0 flushing  nmethod 0x000002365774dc10
Event: 12.349 Thread 0x000002366c93d4d0 flushing  nmethod 0x0000023657751a10
Event: 12.349 Thread 0x000002366c93d4d0 flushing  nmethod 0x0000023657753d10
Event: 12.349 Thread 0x000002366c93d4d0 flushing  nmethod 0x000002365775a990
Event: 12.349 Thread 0x000002366c93d4d0 flushing  nmethod 0x000002365775c210
Event: 12.349 Thread 0x000002366c93d4d0 flushing  nmethod 0x000002365775f010
Event: 12.349 Thread 0x000002366c93d4d0 flushing  nmethod 0x0000023657765a90
Event: 12.349 Thread 0x000002366c93d4d0 flushing  nmethod 0x000002365776df10
Event: 12.349 Thread 0x000002366c93d4d0 flushing  nmethod 0x000002365776fb10
Event: 12.349 Thread 0x000002366c93d4d0 flushing  nmethod 0x0000023657771710
Event: 12.349 Thread 0x000002366c93d4d0 flushing  nmethod 0x0000023657777990
Event: 12.349 Thread 0x000002366c93d4d0 flushing  nmethod 0x0000023657782210
Event: 12.349 Thread 0x000002366c93d4d0 flushing  nmethod 0x0000023657783f10
Event: 12.350 Thread 0x000002366c93d4d0 flushing  nmethod 0x0000023657794590
Event: 12.350 Thread 0x000002366c93d4d0 flushing  nmethod 0x00000236577cdb10
Event: 12.350 Thread 0x000002366c93d4d0 flushing  nmethod 0x00000236577fd490

Events (20 events):
Event: 0.046 Thread 0x000002364d320670 Thread added: 0x000002366c91f750
Event: 0.047 Thread 0x000002364d320670 Thread added: 0x000002366c920430
Event: 0.047 Thread 0x000002364d320670 Thread added: 0x000002366c920d00
Event: 0.047 Thread 0x000002364d320670 Thread added: 0x000002366c9215d0
Event: 0.047 Thread 0x000002364d320670 Thread added: 0x000002366c937dd0
Event: 0.047 Thread 0x000002364d320670 Thread added: 0x000002366c93cbc0
Event: 0.047 Thread 0x000002364d320670 Thread added: 0x000002366c93d4d0
Event: 0.075 Thread 0x000002364d320670 Thread added: 0x000002366cb65160
Event: 0.080 Thread 0x000002364d320670 Thread added: 0x000002366cb71420
Event: 0.280 Thread 0x000002364d320670 Thread added: 0x000002366ce8fbd0
Event: 0.294 Thread 0x000002366ce8fbd0 Thread exited: 0x000002366ce8fbd0
Event: 0.688 Thread 0x000002366c93cbc0 Thread added: 0x00000236712660c0
Event: 14.404 Thread 0x000002364d320670 Thread added: 0x0000023673ba9d80
Event: 14.440 Thread 0x0000023673ba9d80 Thread exited: 0x0000023673ba9d80
Event: 14.678 Thread 0x000002364d320670 Thread added: 0x0000023673bab6d0
Event: 14.684 Thread 0x000002364d320670 Thread added: 0x0000023673babbe0
Event: 14.835 Thread 0x000002364d320670 Thread added: 0x0000023673bac600
Event: 14.893 Thread 0x000002364d320670 Thread added: 0x0000023673bad530
Event: 14.894 Thread 0x000002364d320670 Thread added: 0x0000023673baee80
Event: 14.907 Thread 0x000002364d320670 Thread added: 0x0000023673bac0f0


Dynamic libraries:
0x00007ff650880000 - 0x00007ff65088e000 	C:\Program Files\Eclipse Adoptium\jdk-17.0.16.8-hotspot\bin\javaw.exe
0x00007ffb9bf70000 - 0x00007ffb9c168000 	C:\Windows\SYSTEM32\ntdll.dll
0x00007ffb9ad10000 - 0x00007ffb9add2000 	C:\Windows\System32\KERNEL32.DLL
0x00007ffb99a90000 - 0x00007ffb99d86000 	C:\Windows\System32\KERNELBASE.dll
0x00007ffb996b0000 - 0x00007ffb997b0000 	C:\Windows\System32\ucrtbase.dll
0x00007ffb779f0000 - 0x00007ffb77a07000 	C:\Program Files\Eclipse Adoptium\jdk-17.0.16.8-hotspot\bin\jli.dll
0x00007ffb99f90000 - 0x00007ffb9a131000 	C:\Windows\System32\USER32.dll
0x00007ffb99940000 - 0x00007ffb99962000 	C:\Windows\System32\win32u.dll
0x00007ffb9ab30000 - 0x00007ffb9ab5b000 	C:\Windows\System32\GDI32.dll
0x00007ffb99970000 - 0x00007ffb99a89000 	C:\Windows\System32\gdi32full.dll
0x00007ffb99e20000 - 0x00007ffb99ebd000 	C:\Windows\System32\msvcp_win.dll
0x00007ffb857f0000 - 0x00007ffb85a8b000 	C:\Windows\WinSxS\amd64_microsoft.windows.common-controls_6595b64144ccf1df_6.0.19041.6456_none_60b8a6cb71f64256\COMCTL32.dll
0x00007ffb77740000 - 0x00007ffb7775e000 	C:\Program Files\Eclipse Adoptium\jdk-17.0.16.8-hotspot\bin\VCRUNTIME140.dll
0x00007ffb9be30000 - 0x00007ffb9bece000 	C:\Windows\System32\msvcrt.dll
0x00007ffb9a140000 - 0x00007ffb9a16f000 	C:\Windows\System32\IMM32.DLL
0x00007ffb899d0000 - 0x00007ffb899dc000 	C:\Program Files\Eclipse Adoptium\jdk-17.0.16.8-hotspot\bin\vcruntime140_1.dll
0x00007ffb776b0000 - 0x00007ffb7773d000 	C:\Program Files\Eclipse Adoptium\jdk-17.0.16.8-hotspot\bin\msvcp140.dll
0x00007ffb32170000 - 0x00007ffb32ddb000 	C:\Program Files\Eclipse Adoptium\jdk-17.0.16.8-hotspot\bin\server\jvm.dll
0x00007ffb9aa70000 - 0x00007ffb9ab21000 	C:\Windows\System32\ADVAPI32.dll
0x00007ffb9a840000 - 0x00007ffb9a8df000 	C:\Windows\System32\sechost.dll
0x00007ffb9a6f0000 - 0x00007ffb9a810000 	C:\Windows\System32\RPCRT4.dll
0x00007ffb99910000 - 0x00007ffb99937000 	C:\Windows\System32\bcrypt.dll
0x00007ffb9ac90000 - 0x00007ffb9acfb000 	C:\Windows\System32\WS2_32.dll
0x00007ffb98b00000 - 0x00007ffb98b4b000 	C:\Windows\SYSTEM32\POWRPROF.dll
0x00007ffb83170000 - 0x00007ffb83197000 	C:\Windows\SYSTEM32\WINMM.dll
0x00007ffb91d60000 - 0x00007ffb91d6a000 	C:\Windows\SYSTEM32\VERSION.dll
0x00007ffb989c0000 - 0x00007ffb989d2000 	C:\Windows\SYSTEM32\UMPDC.dll
0x00007ffb97dc0000 - 0x00007ffb97dd2000 	C:\Windows\SYSTEM32\kernel.appcore.dll
0x00007ffb871d0000 - 0x00007ffb871da000 	C:\Program Files\Eclipse Adoptium\jdk-17.0.16.8-hotspot\bin\jimage.dll
0x00007ffb831a0000 - 0x00007ffb833a1000 	C:\Windows\SYSTEM32\DBGHELP.DLL
0x00007ffb7e890000 - 0x00007ffb7e8c4000 	C:\Windows\SYSTEM32\dbgcore.DLL
0x00007ffb99d90000 - 0x00007ffb99e12000 	C:\Windows\System32\bcryptPrimitives.dll
0x00007ffb77680000 - 0x00007ffb776a5000 	C:\Program Files\Eclipse Adoptium\jdk-17.0.16.8-hotspot\bin\java.dll
0x00007ffb5cc10000 - 0x00007ffb5cce7000 	C:\Program Files\Eclipse Adoptium\jdk-17.0.16.8-hotspot\bin\jsvml.dll
0x00007ffb9ae70000 - 0x00007ffb9b5e0000 	C:\Windows\System32\SHELL32.dll
0x00007ffb97610000 - 0x00007ffb97db5000 	C:\Windows\SYSTEM32\windows.storage.dll
0x00007ffb9ba50000 - 0x00007ffb9bda4000 	C:\Windows\System32\combase.dll
0x00007ffb98f50000 - 0x00007ffb98f7b000 	C:\Windows\SYSTEM32\Wldp.dll
0x00007ffb9a940000 - 0x00007ffb9aa0d000 	C:\Windows\System32\OLEAUT32.dll
0x00007ffb9a640000 - 0x00007ffb9a6ed000 	C:\Windows\System32\SHCORE.dll
0x00007ffb9a8e0000 - 0x00007ffb9a93b000 	C:\Windows\System32\shlwapi.dll
0x00007ffb99530000 - 0x00007ffb99554000 	C:\Windows\SYSTEM32\profapi.dll
0x00007ffb77660000 - 0x00007ffb77679000 	C:\Program Files\Eclipse Adoptium\jdk-17.0.16.8-hotspot\bin\net.dll
0x00007ffb96e90000 - 0x00007ffb96f9a000 	C:\Windows\SYSTEM32\WINHTTP.dll
0x00007ffb98d30000 - 0x00007ffb98d9a000 	C:\Windows\system32\mswsock.dll
0x00007ffb76830000 - 0x00007ffb76846000 	C:\Program Files\Eclipse Adoptium\jdk-17.0.16.8-hotspot\bin\nio.dll
0x00007ffb76810000 - 0x00007ffb76828000 	C:\Program Files\Eclipse Adoptium\jdk-17.0.16.8-hotspot\bin\zip.dll
0x00007ffb6f330000 - 0x00007ffb6f354000 	C:\Users\user\AppData\Local\Temp\jansi-2.4.2-50793b8bfc533e41-jansi.dll
0x00007ffb84030000 - 0x00007ffb84040000 	C:\Program Files\Eclipse Adoptium\jdk-17.0.16.8-hotspot\bin\verify.dll
0x00007ffb989e0000 - 0x00007ffb98a1b000 	C:\Windows\SYSTEM32\IPHLPAPI.DLL
0x00007ffb9ad00000 - 0x00007ffb9ad08000 	C:\Windows\System32\NSI.dll
0x00007ffb8fa70000 - 0x00007ffb8fa87000 	C:\Windows\SYSTEM32\dhcpcsvc6.DLL
0x00007ffb8fa30000 - 0x00007ffb8fa4d000 	C:\Windows\SYSTEM32\dhcpcsvc.DLL
0x00007ffb98a20000 - 0x00007ffb98aea000 	C:\Windows\SYSTEM32\DNSAPI.dll
0x00007ffb84f80000 - 0x00007ffb84f89000 	C:\Program Files\Eclipse Adoptium\jdk-17.0.16.8-hotspot\bin\extnet.dll
0x00007ffb992a0000 - 0x00007ffb992b8000 	C:\Windows\SYSTEM32\CRYPTSP.dll
0x00007ffb98600000 - 0x00007ffb98638000 	C:\Windows\system32\rsaenh.dll
0x00007ffb994f0000 - 0x00007ffb9951e000 	C:\Windows\SYSTEM32\USERENV.dll
0x00007ffb98ec0000 - 0x00007ffb98ecc000 	C:\Windows\SYSTEM32\CRYPTBASE.dll

dbghelp: loaded successfully - version: 4.0.5 - missing functions: none
symbol engine: initialized successfully - sym options: 0x614 - pdb path: .;C:\Program Files\Eclipse Adoptium\jdk-17.0.16.8-hotspot\bin;C:\Windows\SYSTEM32;C:\Windows\WinSxS\amd64_microsoft.windows.common-controls_6595b64144ccf1df_6.0.19041.6456_none_60b8a6cb71f64256;C:\Program Files\Eclipse Adoptium\jdk-17.0.16.8-hotspot\bin\server;C:\Users\user\AppData\Local\Temp

VM Arguments:
jvm_args: -Dmaven.home=EMBEDDED -Dclassworlds.conf=D:\FA_Projects_Document\FullStack_Projects\SpringBoot\ATS\.metadata\.plugins\org.eclipse.m2e.launching\launches\m2conf11576085476463963767.tmp -Dmaven.multiModuleProjectDirectory=D:\FA_Projects_Document\FullStack_Projects\SpringBoot\ATS\ATS-asset_service\Asset_Service -Dm2e.build.project.data.socket.port=55030 -Dfile.encoding=UTF-8 -Dstdout.encoding=UTF-8 -Dstderr.encoding=UTF-8 -XX:+ShowCodeDetailsInExceptionMessages 
java_command: org.codehaus.plexus.classworlds.launcher.Launcher -B -Dstyle.color=always install
java_class_path (initial): C:\Users\user\Downloads\spring-tools-for-eclipse-4.32.2.RELEASE-e4.37.0-win32.win32.x86_64\sts-4.32.2.RELEASE\plugins\org.eclipse.m2e.maven.runtime_3.9.1100.20250811-2018\jars\plexus-classworlds-2.9.0.jar
Launcher Type: SUN_STANDARD

[Global flags]
     intx CICompilerCount                          = 3                                         {product} {ergonomic}
     uint ConcGCThreads                            = 1                                         {product} {ergonomic}
     uint G1ConcRefinementThreads                  = 4                                         {product} {ergonomic}
   size_t G1HeapRegionSize                         = 1048576                                   {product} {ergonomic}
    uintx GCDrainStackTargetSize                   = 64                                        {product} {ergonomic}
   size_t InitialHeapSize                          = 125829120                                 {product} {ergonomic}
   size_t MarkStackSize                            = 4194304                                   {product} {ergonomic}
   size_t MaxHeapSize                              = 1990197248                                {product} {ergonomic}
   size_t MaxNewSize                               = 1193279488                                {product} {ergonomic}
   size_t MinHeapDeltaBytes                        = 1048576                                   {product} {ergonomic}
   size_t MinHeapSize                              = 8388608                                   {product} {ergonomic}
    uintx NonNMethodCodeHeapSize                   = 5832780                                {pd product} {ergonomic}
    uintx NonProfiledCodeHeapSize                  = 122912730                              {pd product} {ergonomic}
    uintx ProfiledCodeHeapSize                     = 122912730                              {pd product} {ergonomic}
    uintx ReservedCodeCacheSize                    = 251658240                              {pd product} {ergonomic}
     bool SegmentedCodeCache                       = true                                      {product} {ergonomic}
     bool ShowCodeDetailsInExceptionMessages       = true                                   {manageable} {command line}
   size_t SoftMaxHeapSize                          = 1990197248                             {manageable} {ergonomic}
     bool UseCompressedClassPointers               = true                           {product lp64_product} {ergonomic}
     bool UseCompressedOops                        = true                           {product lp64_product} {ergonomic}
     bool UseG1GC                                  = true                                      {product} {ergonomic}
     bool UseLargePagesIndividualAllocation        = false                                  {pd product} {ergonomic}

Logging:
Log output configuration:
 #0: stdout all=warning uptime,level,tags
 #1: stderr all=off uptime,level,tags

Environment Variables:
JAVA_HOME=C:\Program Files\Eclipse Adoptium\jdk-17.0.16.8-hotspot
PATH=C:/Users/user/Downloads/spring-tools-for-eclipse-4.32.2.RELEASE-e4.37.0-win32.win32.x86_64/sts-4.32.2.RELEASE//plugins/org.eclipse.justj.openjdk.hotspot.jre.full.win32.x86_64_21.0.9.v20251105-0741/jre/bin/server;C:/Users/user/Downloads/spring-tools-for-eclipse-4.32.2.RELEASE-e4.37.0-win32.win32.x86_64/sts-4.32.2.RELEASE//plugins/org.eclipse.justj.openjdk.hotspot.jre.full.win32.x86_64_21.0.9.v20251105-0741/jre/bin;C:\Program Files\Eclipse Adoptium\jdk-17.0.16.8-hotspot\bin;C:\Program Files\Eclipse Adoptium\jdk-11.0.28.6-hotspot\bin;C:\Program Files\Common Files\Oracle\Java\javapath;C:\Windows\system32;C:\Windows;C:\Windows\System32\Wbem;C:\Windows\System32\WindowsPowerShell\v1.0\;C:\Windows\System32\OpenSSH\;C:\Program Files\Git\cmd;C:\Program Files\MySQL\MySQL Server 8.0\bin;C:\Users\user\Downloads\apache-maven-3.8.8-bin\apache-maven-3.8.8\bin;C:\Program Files\MongoDB\Server\8.0\bin;C:\Program Files\nodejs\;C:\ProgramData\chocolatey\bin;C:\Program Files\Amazon\AWSCLIV2\;C:\Program Files\Docker\Docker\resources\bin;C:\Program Files\MySQL\MySQL Shell 8.0\bin\;C:\Users\user\AppData\Local\Microsoft\WindowsApps;C:\Users\user\Desktop\Microsoft VS Code\bin;C:\Program Files\JetBrains\IntelliJ IDEA 2024.1.2\bin;;C:\Users\user\AppData\Local\GitHubDesktop\bin;C:\Users\user\AppData\Roaming\npm;C:\Users\user\AppData\Local\Programs\mongosh\;C:\Users\user\Downloads\spring-tools-for-eclipse-4.32.2.RELEASE-e4.37.0-win32.win32.x86_64\sts-4.32.2.RELEASE;
USERNAME=user
OS=Windows_NT
PROCESSOR_IDENTIFIER=Intel64 Family 6 Model 78 Stepping 3, GenuineIntel
TMP=C:\Users\user\AppData\Local\Temp
TEMP=C:\Users\user\AppData\Local\Temp



Periodic native trim disabled


---------------  S Y S T E M  ---------------

OS:
 Windows 10 , 64 bit Build 19041 (10.0.19041.5915)
OS uptime: 0 days 21:44 hours
Hyper-V role detected

CPU: total 4 (initial active 4) (2 cores per cpu, 2 threads per core) family 6 model 78 stepping 3 microcode 0xcc, cx8, cmov, fxsr, ht, mmx, 3dnowpref, sse, sse2, sse3, ssse3, sse4.1, sse4.2, popcnt, lzcnt, tsc, tscinvbit, avx, avx2, aes, erms, clmul, bmi1, bmi2, rtm, adx, fma, vzeroupper, clflush, clflushopt, hv
Processor Information for all 4 processors :
  Max Mhz: 2496, Current Mhz: 2396, Mhz Limit: 2396

Memory: 4k page, system-wide physical 7591M (772M free)
TotalPageFile size 13139M (AvailPageFile size 4M)
current process WorkingSet (physical memory assigned to process): 363M, peak: 364M
current process commit charge ("private bytes"): 392M, peak: 394M

vm_info: OpenJDK 64-Bit Server VM (17.0.16+8) for windows-amd64 JRE (17.0.16+8), built on Jul 16 2025 10:37:56 by "admin" with MS VC++ 17.7 (VS2022)

END.
