#
# There is insufficient memory for the Java Runtime Environment to continue.
# Native memory allocation (malloc) failed to allocate 1516336 bytes. Error detail: Chunk::new
# Possible reasons:
#   The system is out of physical RAM or swap space
#   This process is running with CompressedOops enabled, and the Java Heap may be blocking the growth of the native heap
# Possible solutions:
#   Reduce memory load on the system
#   Increase physical memory or swap space
#   Check if swap backing store is full
#   Decrease Java heap size (-Xmx/-Xms)
#   Decrease number of Java threads
#   Decrease Java thread stack sizes (-Xss)
#   Set larger code cache with -XX:ReservedCodeCacheSize=
#   JVM is running with Unscaled Compressed Oops mode in which the Java heap is
#     placed in the first 4GB address space. The Java Heap base address is the
#     maximum limit for the native heap growth. Please use -XX:HeapBaseMinAddress
#     to set the Java Heap base and to place the Java Heap above 4GB virtual address.
# This output file may be truncated or incomplete.
#
#  Out of Memory Error (arena.cpp:191), pid=740, tid=10896
#
# JRE version: OpenJDK Runtime Environment Temurin-17.0.16+8 (17.0.16+8) (build 17.0.16+8)
# Java VM: OpenJDK 64-Bit Server VM Temurin-17.0.16+8 (17.0.16+8, mixed mode, sharing, tiered, compressed oops, compressed class ptrs, g1 gc, windows-amd64)
# No core dump will be written. Minidumps are not enabled by default on client versions of Windows
#

---------------  S U M M A R Y ------------

Command Line: C:\Users\user\AppData\Local\Temp\surefire11232114427407093555\surefirebooter-20251124105058095_3.jar C:\Users\user\AppData\Local\Temp\surefire11232114427407093555 2025-11-24T10-50-57_639-jvmRun1 surefire-20251124105058095_1tmp surefire_0-20251124105058095_2tmp

Host: Intel(R) Core(TM) i5-6300U CPU @ 2.40GHz, 4 cores, 7G,  Windows 10 , 64 bit Build 19041 (10.0.19041.5915)
Time: Mon Nov 24 10:51:07 2025 India Standard Time elapsed time: 8.741805 seconds (0d 0h 0m 8s)

---------------  T H R E A D  ---------------

Current thread (0x0000024f4bbf8850):  JavaThread "C2 CompilerThread1" daemon [_thread_in_native, id=10896, stack(0x000000c37fa00000,0x000000c37fb00000)]


Current CompileTask:
C2:   8741 4697   !   4       jdk.internal.loader.BuiltinClassLoader::findClassOnClassPathOrNull (64 bytes)

Stack: [0x000000c37fa00000,0x000000c37fb00000]
Native frames: (J=compiled Java code, j=interpreted, Vv=VM code, C=native code)
V  [jvm.dll+0x683169]
V  [jvm.dll+0x839ac8]
V  [jvm.dll+0x83b573]
V  [jvm.dll+0x83bbe3]
V  [jvm.dll+0x2473ff]
V  [jvm.dll+0xace94]
V  [jvm.dll+0xad52c]
V  [jvm.dll+0x365dbf]
V  [jvm.dll+0x1ba9c3]
V  [jvm.dll+0x218477]
V  [jvm.dll+0x21775f]
V  [jvm.dll+0x1a32a0]
V  [jvm.dll+0x227b3c]
V  [jvm.dll+0x225ccb]
V  [jvm.dll+0x7ef2d8]
V  [jvm.dll+0x7e979c]
V  [jvm.dll+0x682047]
C  [ucrtbase.dll+0x21bb2]
C  [KERNEL32.DLL+0x17374]
C  [ntdll.dll+0x4cc91]


---------------  P R O C E S S  ---------------

Threads class SMR info:
_java_thread_list=0x0000024f4e0c0f70, length=18, elements={
0x0000024f6769ce20, 0x0000024f7f1ca3c0, 0x0000024f7f1cbef0, 0x0000024f7f1df400,
0x0000024f7f1dfcd0, 0x0000024f7f1e0690, 0x0000024f7f1e1050, 0x0000024f7f1ede10,
0x0000024f7f2159d0, 0x0000024f7f2313c0, 0x0000024f4b0d0c20, 0x0000024f4b0d3d80,
0x0000024f4b5d1ee0, 0x0000024f4b3f8b70, 0x0000024f4bbf8850, 0x0000024f4d7ffff0,
0x0000024f4d3a7430, 0x0000024f4dc0d2f0
}

Java Threads: ( => current thread )
  0x0000024f6769ce20 JavaThread "main" [_thread_in_native, id=17332, stack(0x000000c37e200000,0x000000c37e300000)]
  0x0000024f7f1ca3c0 JavaThread "Reference Handler" daemon [_thread_blocked, id=16412, stack(0x000000c37ea00000,0x000000c37eb00000)]
  0x0000024f7f1cbef0 JavaThread "Finalizer" daemon [_thread_blocked, id=17160, stack(0x000000c37eb00000,0x000000c37ec00000)]
  0x0000024f7f1df400 JavaThread "Signal Dispatcher" daemon [_thread_blocked, id=16416, stack(0x000000c37ec00000,0x000000c37ed00000)]
  0x0000024f7f1dfcd0 JavaThread "Attach Listener" daemon [_thread_blocked, id=17644, stack(0x000000c37ed00000,0x000000c37ee00000)]
  0x0000024f7f1e0690 JavaThread "Service Thread" daemon [_thread_blocked, id=17556, stack(0x000000c37ee00000,0x000000c37ef00000)]
  0x0000024f7f1e1050 JavaThread "Monitor Deflation Thread" daemon [_thread_blocked, id=17584, stack(0x000000c37ef00000,0x000000c37f000000)]
  0x0000024f7f1ede10 JavaThread "C2 CompilerThread0" daemon [_thread_in_native, id=14868, stack(0x000000c37f000000,0x000000c37f100000)]
  0x0000024f7f2159d0 JavaThread "C1 CompilerThread0" daemon [_thread_blocked, id=14564, stack(0x000000c37f100000,0x000000c37f200000)]
  0x0000024f7f2313c0 JavaThread "Sweeper thread" daemon [_thread_blocked, id=16772, stack(0x000000c37f200000,0x000000c37f300000)]
  0x0000024f4b0d0c20 JavaThread "Notification Thread" daemon [_thread_blocked, id=17624, stack(0x000000c37f300000,0x000000c37f400000)]
  0x0000024f4b0d3d80 JavaThread "Common-Cleaner" daemon [_thread_blocked, id=17620, stack(0x000000c37f500000,0x000000c37f600000)]
  0x0000024f4b5d1ee0 JavaThread "surefire-forkedjvm-stream-flusher" daemon [_thread_blocked, id=15588, stack(0x000000c37f600000,0x000000c37f700000)]
  0x0000024f4b3f8b70 JavaThread "surefire-forkedjvm-command-thread" daemon [_thread_in_native, id=7212, stack(0x000000c37f900000,0x000000c37fa00000)]
=>0x0000024f4bbf8850 JavaThread "C2 CompilerThread1" daemon [_thread_in_native, id=10896, stack(0x000000c37fa00000,0x000000c37fb00000)]
  0x0000024f4d7ffff0 JavaThread "PostgreSQL-JDBC-Cleaner" daemon [_thread_blocked, id=12960, stack(0x000000c37fd00000,0x000000c37fe00000)]
  0x0000024f4d3a7430 JavaThread "HikariPool-1:housekeeper" daemon [_thread_blocked, id=17476, stack(0x000000c37fe00000,0x000000c37ff00000)]
  0x0000024f4dc0d2f0 JavaThread "HikariPool-1:connection-adder" daemon [_thread_in_native, id=15204, stack(0x000000c37ff00000,0x000000c380000000)]

Other Threads:
  0x0000024f7f1c0140 VMThread "VM Thread" [stack: 0x000000c37e900000,0x000000c37ea00000] [id=17356]
  0x0000024f4b0d1510 WatcherThread [stack: 0x000000c37f400000,0x000000c37f500000] [id=15256]
  0x0000024f676f5400 GCTaskThread "GC Thread#0" [stack: 0x000000c37e400000,0x000000c37e500000] [id=15956]
  0x0000024f4b3c4f50 GCTaskThread "GC Thread#1" [stack: 0x000000c37f700000,0x000000c37f800000] [id=15648]
  0x0000024f4b3fe940 GCTaskThread "GC Thread#2" [stack: 0x000000c37f800000,0x000000c37f900000] [id=17596]
  0x0000024f4bd0f8b0 GCTaskThread "GC Thread#3" [stack: 0x000000c37fb00000,0x000000c37fc00000] [id=16792]
  0x0000024f67705090 ConcurrentGCThread "G1 Main Marker" [stack: 0x000000c37e500000,0x000000c37e600000] [id=13148]
  0x0000024f67705ab0 ConcurrentGCThread "G1 Conc#0" [stack: 0x000000c37e600000,0x000000c37e700000] [id=16956]
  0x0000024f7f080090 ConcurrentGCThread "G1 Refine#0" [stack: 0x000000c37e700000,0x000000c37e800000] [id=5456]
  0x0000024f4eb40d70 ConcurrentGCThread "G1 Refine#1" [stack: 0x000000c300000000,0x000000c300100000] [id=14572]
  0x0000024f7f080ac0 ConcurrentGCThread "G1 Service" [stack: 0x000000c37e800000,0x000000c37e900000] [id=16484]

Threads with active compile tasks:
C2 CompilerThread0     8795 4721       4       java.net.URLStreamHandler::parseURL (1201 bytes)
C2 CompilerThread1     8795 4697   !   4       jdk.internal.loader.BuiltinClassLoader::findClassOnClassPathOrNull (64 bytes)

VM state: not at safepoint (normal execution)

VM Mutex/Monitor currently owned by a thread: None

Heap address: 0x0000000089600000, size: 1898 MB, Compressed Oops mode: 32-bit

CDS archive(s) mapped at: [0x0000024f06000000-0x0000024f06bb0000-0x0000024f06bb0000), size 12255232, SharedBaseAddress: 0x0000024f06000000, ArchiveRelocationMode: 1.
Compressed class space mapped at: 0x0000024f07000000-0x0000024f47000000, reserved size: 1073741824
Narrow klass base: 0x0000024f06000000, Narrow klass shift: 0, Narrow klass range: 0x100000000

GC Precious Log:
 CPUs: 4 total, 4 available
 Memory: 7591M
 Large Page Support: Disabled
 NUMA Support: Disabled
 Compressed Oops: Enabled (32-bit)
 Heap Region Size: 1M
 Heap Min Capacity: 8M
 Heap Initial Capacity: 120M
 Heap Max Capacity: 1898M
 Pre-touch: Disabled
 Parallel Workers: 4
 Concurrent Workers: 1
 Concurrent Refinement Workers: 4
 Periodic GC: Disabled

Heap:
 garbage-first heap   total 163840K, used 33900K [0x0000000089600000, 0x0000000100000000)
  region size 1024K, 4 young (4096K), 1 survivors (1024K)
 Metaspace       used 43661K, committed 44096K, reserved 1114112K
  class space    used 5891K, committed 6080K, reserved 1048576K

Heap Regions: E=young(eden), S=young(survivor), O=old, HS=humongous(starts), HC=humongous(continues), CS=collection set, F=free, OA=open archive, CA=closed archive, TAMS=top-at-mark-start (previous, next)
|   0|0x0000000089600000, 0x0000000089700000, 0x0000000089700000|100%|HS|  |TAMS 0x0000000089700000, 0x0000000089600000| Complete 
|   1|0x0000000089700000, 0x0000000089800000, 0x0000000089800000|100%|HS|  |TAMS 0x0000000089800000, 0x0000000089700000| Complete 
|   2|0x0000000089800000, 0x0000000089900000, 0x0000000089900000|100%|HS|  |TAMS 0x0000000089900000, 0x0000000089800000| Complete 
|   3|0x0000000089900000, 0x0000000089a00000, 0x0000000089a00000|100%| O|  |TAMS 0x0000000089a00000, 0x0000000089900000| Untracked 
|   4|0x0000000089a00000, 0x0000000089b00000, 0x0000000089b00000|100%| O|  |TAMS 0x0000000089b00000, 0x0000000089a00000| Untracked 
|   5|0x0000000089b00000, 0x0000000089c00000, 0x0000000089c00000|100%| O|  |TAMS 0x0000000089c00000, 0x0000000089b00000| Untracked 
|   6|0x0000000089c00000, 0x0000000089d00000, 0x0000000089d00000|100%| O|  |TAMS 0x0000000089d00000, 0x0000000089c00000| Untracked 
|   7|0x0000000089d00000, 0x0000000089e00000, 0x0000000089e00000|100%| O|  |TAMS 0x0000000089e00000, 0x0000000089d00000| Untracked 
|   8|0x0000000089e00000, 0x0000000089f00000, 0x0000000089f00000|100%| O|  |TAMS 0x0000000089f00000, 0x0000000089e00000| Untracked 
|   9|0x0000000089f00000, 0x000000008a000000, 0x000000008a000000|100%| O|  |TAMS 0x000000008a000000, 0x0000000089f00000| Untracked 
|  10|0x000000008a000000, 0x000000008a100000, 0x000000008a100000|100%| O|  |TAMS 0x000000008a100000, 0x000000008a000000| Untracked 
|  11|0x000000008a100000, 0x000000008a200000, 0x000000008a200000|100%| O|  |TAMS 0x000000008a200000, 0x000000008a100000| Untracked 
|  12|0x000000008a200000, 0x000000008a300000, 0x000000008a300000|100%| O|  |TAMS 0x000000008a300000, 0x000000008a200000| Untracked 
|  13|0x000000008a300000, 0x000000008a400000, 0x000000008a400000|100%| O|  |TAMS 0x000000008a400000, 0x000000008a300000| Untracked 
|  14|0x000000008a400000, 0x000000008a500000, 0x000000008a500000|100%| O|  |TAMS 0x000000008a500000, 0x000000008a400000| Untracked 
|  15|0x000000008a500000, 0x000000008a600000, 0x000000008a600000|100%| O|  |TAMS 0x000000008a600000, 0x000000008a500000| Untracked 
|  16|0x000000008a600000, 0x000000008a700000, 0x000000008a700000|100%| O|  |TAMS 0x000000008a700000, 0x000000008a600000| Untracked 
|  17|0x000000008a700000, 0x000000008a800000, 0x000000008a800000|100%| O|  |TAMS 0x000000008a800000, 0x000000008a700000| Untracked 
|  18|0x000000008a800000, 0x000000008a900000, 0x000000008a900000|100%| O|  |TAMS 0x000000008a900000, 0x000000008a800000| Untracked 
|  19|0x000000008a900000, 0x000000008aa00000, 0x000000008aa00000|100%| O|  |TAMS 0x000000008aa00000, 0x000000008a900000| Untracked 
|  20|0x000000008aa00000, 0x000000008ab00000, 0x000000008ab00000|100%| O|  |TAMS 0x000000008aa00000, 0x000000008aa00000| Untracked 
|  21|0x000000008ab00000, 0x000000008ab00000, 0x000000008ac00000|  0%| F|  |TAMS 0x000000008ab00000, 0x000000008ab00000| Untracked 
|  22|0x000000008ac00000, 0x000000008ad00000, 0x000000008ad00000|100%| O|  |TAMS 0x000000008ad00000, 0x000000008ac00000| Untracked 
|  23|0x000000008ad00000, 0x000000008ae00000, 0x000000008ae00000|100%| O|  |TAMS 0x000000008ae00000, 0x000000008ad00000| Untracked 
|  24|0x000000008ae00000, 0x000000008af00000, 0x000000008af00000|100%| O|  |TAMS 0x000000008af00000, 0x000000008ae00000| Untracked 
|  25|0x000000008af00000, 0x000000008b000000, 0x000000008b000000|100%| O|  |TAMS 0x000000008af73400, 0x000000008af00000| Untracked 
|  26|0x000000008b000000, 0x000000008b100000, 0x000000008b100000|100%| O|  |TAMS 0x000000008b000000, 0x000000008b000000| Untracked 
|  27|0x000000008b100000, 0x000000008b200000, 0x000000008b200000|100%| O|  |TAMS 0x000000008b100000, 0x000000008b100000| Untracked 
|  28|0x000000008b200000, 0x000000008b300000, 0x000000008b300000|100%| O|  |TAMS 0x000000008b200000, 0x000000008b200000| Untracked 
|  29|0x000000008b300000, 0x000000008b400000, 0x000000008b400000|100%| O|  |TAMS 0x000000008b300000, 0x000000008b300000| Untracked 
|  30|0x000000008b400000, 0x000000008b500000, 0x000000008b500000|100%| O|  |TAMS 0x000000008b400000, 0x000000008b400000| Untracked 
|  31|0x000000008b500000, 0x000000008b54ec00, 0x000000008b600000| 30%| O|  |TAMS 0x000000008b500000, 0x000000008b500000| Untracked 
|  32|0x000000008b600000, 0x000000008b600000, 0x000000008b700000|  0%| F|  |TAMS 0x000000008b600000, 0x000000008b600000| Untracked 
|  33|0x000000008b700000, 0x000000008b700000, 0x000000008b800000|  0%| F|  |TAMS 0x000000008b700000, 0x000000008b700000| Untracked 
|  34|0x000000008b800000, 0x000000008b800000, 0x000000008b900000|  0%| F|  |TAMS 0x000000008b800000, 0x000000008b800000| Untracked 
|  35|0x000000008b900000, 0x000000008b900000, 0x000000008ba00000|  0%| F|  |TAMS 0x000000008b900000, 0x000000008b900000| Untracked 
|  36|0x000000008ba00000, 0x000000008ba00000, 0x000000008bb00000|  0%| F|  |TAMS 0x000000008ba00000, 0x000000008ba00000| Untracked 
|  37|0x000000008bb00000, 0x000000008bb00000, 0x000000008bc00000|  0%| F|  |TAMS 0x000000008bb00000, 0x000000008bb00000| Untracked 
|  38|0x000000008bc00000, 0x000000008bc00000, 0x000000008bd00000|  0%| F|  |TAMS 0x000000008bc00000, 0x000000008bc00000| Untracked 
|  39|0x000000008bd00000, 0x000000008bd00000, 0x000000008be00000|  0%| F|  |TAMS 0x000000008bd00000, 0x000000008bd00000| Untracked 
|  40|0x000000008be00000, 0x000000008be00000, 0x000000008bf00000|  0%| F|  |TAMS 0x000000008be00000, 0x000000008be00000| Untracked 
|  41|0x000000008bf00000, 0x000000008bf00000, 0x000000008c000000|  0%| F|  |TAMS 0x000000008bf00000, 0x000000008bf00000| Untracked 
|  42|0x000000008c000000, 0x000000008c000000, 0x000000008c100000|  0%| F|  |TAMS 0x000000008c000000, 0x000000008c000000| Untracked 
|  43|0x000000008c100000, 0x000000008c100000, 0x000000008c200000|  0%| F|  |TAMS 0x000000008c100000, 0x000000008c100000| Untracked 
|  44|0x000000008c200000, 0x000000008c200000, 0x000000008c300000|  0%| F|  |TAMS 0x000000008c200000, 0x000000008c200000| Untracked 
|  45|0x000000008c300000, 0x000000008c300000, 0x000000008c400000|  0%| F|  |TAMS 0x000000008c300000, 0x000000008c300000| Untracked 
|  46|0x000000008c400000, 0x000000008c400000, 0x000000008c500000|  0%| F|  |TAMS 0x000000008c400000, 0x000000008c400000| Untracked 
|  47|0x000000008c500000, 0x000000008c500000, 0x000000008c600000|  0%| F|  |TAMS 0x000000008c500000, 0x000000008c500000| Untracked 
|  48|0x000000008c600000, 0x000000008c600000, 0x000000008c700000|  0%| F|  |TAMS 0x000000008c600000, 0x000000008c600000| Untracked 
|  49|0x000000008c700000, 0x000000008c700000, 0x000000008c800000|  0%| F|  |TAMS 0x000000008c700000, 0x000000008c700000| Untracked 
|  50|0x000000008c800000, 0x000000008c800000, 0x000000008c900000|  0%| F|  |TAMS 0x000000008c800000, 0x000000008c800000| Untracked 
|  51|0x000000008c900000, 0x000000008c900000, 0x000000008ca00000|  0%| F|  |TAMS 0x000000008c900000, 0x000000008c900000| Untracked 
|  52|0x000000008ca00000, 0x000000008ca00000, 0x000000008cb00000|  0%| F|  |TAMS 0x000000008ca00000, 0x000000008ca00000| Untracked 
|  53|0x000000008cb00000, 0x000000008cb00000, 0x000000008cc00000|  0%| F|  |TAMS 0x000000008cb00000, 0x000000008cb00000| Untracked 
|  54|0x000000008cc00000, 0x000000008cc00000, 0x000000008cd00000|  0%| F|  |TAMS 0x000000008cc00000, 0x000000008cc00000| Untracked 
|  55|0x000000008cd00000, 0x000000008cd00000, 0x000000008ce00000|  0%| F|  |TAMS 0x000000008cd00000, 0x000000008cd00000| Untracked 
|  56|0x000000008ce00000, 0x000000008ce00000, 0x000000008cf00000|  0%| F|  |TAMS 0x000000008ce00000, 0x000000008ce00000| Untracked 
|  57|0x000000008cf00000, 0x000000008cf00000, 0x000000008d000000|  0%| F|  |TAMS 0x000000008cf00000, 0x000000008cf00000| Untracked 
|  58|0x000000008d000000, 0x000000008d000000, 0x000000008d100000|  0%| F|  |TAMS 0x000000008d000000, 0x000000008d000000| Untracked 
|  59|0x000000008d100000, 0x000000008d100000, 0x000000008d200000|  0%| F|  |TAMS 0x000000008d100000, 0x000000008d100000| Untracked 
|  60|0x000000008d200000, 0x000000008d200000, 0x000000008d300000|  0%| F|  |TAMS 0x000000008d200000, 0x000000008d200000| Untracked 
|  61|0x000000008d300000, 0x000000008d300000, 0x000000008d400000|  0%| F|  |TAMS 0x000000008d300000, 0x000000008d300000| Untracked 
|  62|0x000000008d400000, 0x000000008d400000, 0x000000008d500000|  0%| F|  |TAMS 0x000000008d400000, 0x000000008d400000| Untracked 
|  63|0x000000008d500000, 0x000000008d500000, 0x000000008d600000|  0%| F|  |TAMS 0x000000008d500000, 0x000000008d500000| Untracked 
|  64|0x000000008d600000, 0x000000008d600000, 0x000000008d700000|  0%| F|  |TAMS 0x000000008d600000, 0x000000008d600000| Untracked 
|  65|0x000000008d700000, 0x000000008d700000, 0x000000008d800000|  0%| F|  |TAMS 0x000000008d700000, 0x000000008d700000| Untracked 
|  66|0x000000008d800000, 0x000000008d800000, 0x000000008d900000|  0%| F|  |TAMS 0x000000008d800000, 0x000000008d800000| Untracked 
|  67|0x000000008d900000, 0x000000008d900000, 0x000000008da00000|  0%| F|  |TAMS 0x000000008d900000, 0x000000008d900000| Untracked 
|  68|0x000000008da00000, 0x000000008da00000, 0x000000008db00000|  0%| F|  |TAMS 0x000000008da00000, 0x000000008da00000| Untracked 
|  69|0x000000008db00000, 0x000000008db00000, 0x000000008dc00000|  0%| F|  |TAMS 0x000000008db00000, 0x000000008db00000| Untracked 
|  70|0x000000008dc00000, 0x000000008dc00000, 0x000000008dd00000|  0%| F|  |TAMS 0x000000008dc00000, 0x000000008dc00000| Untracked 
|  71|0x000000008dd00000, 0x000000008dd00000, 0x000000008de00000|  0%| F|  |TAMS 0x000000008dd00000, 0x000000008dd00000| Untracked 
|  72|0x000000008de00000, 0x000000008de00000, 0x000000008df00000|  0%| F|  |TAMS 0x000000008de00000, 0x000000008de00000| Untracked 
|  73|0x000000008df00000, 0x000000008df00000, 0x000000008e000000|  0%| F|  |TAMS 0x000000008df00000, 0x000000008df00000| Untracked 
|  74|0x000000008e000000, 0x000000008e000000, 0x000000008e100000|  0%| F|  |TAMS 0x000000008e000000, 0x000000008e000000| Untracked 
|  75|0x000000008e100000, 0x000000008e100000, 0x000000008e200000|  0%| F|  |TAMS 0x000000008e100000, 0x000000008e100000| Untracked 
|  76|0x000000008e200000, 0x000000008e200000, 0x000000008e300000|  0%| F|  |TAMS 0x000000008e200000, 0x000000008e200000| Untracked 
|  77|0x000000008e300000, 0x000000008e300000, 0x000000008e400000|  0%| F|  |TAMS 0x000000008e300000, 0x000000008e300000| Untracked 
|  78|0x000000008e400000, 0x000000008e400000, 0x000000008e500000|  0%| F|  |TAMS 0x000000008e400000, 0x000000008e400000| Untracked 
|  79|0x000000008e500000, 0x000000008e500000, 0x000000008e600000|  0%| F|  |TAMS 0x000000008e500000, 0x000000008e500000| Untracked 
|  80|0x000000008e600000, 0x000000008e600000, 0x000000008e700000|  0%| F|  |TAMS 0x000000008e600000, 0x000000008e600000| Untracked 
|  81|0x000000008e700000, 0x000000008e700000, 0x000000008e800000|  0%| F|  |TAMS 0x000000008e700000, 0x000000008e700000| Untracked 
|  82|0x000000008e800000, 0x000000008e800000, 0x000000008e900000|  0%| F|  |TAMS 0x000000008e800000, 0x000000008e800000| Untracked 
|  83|0x000000008e900000, 0x000000008e900000, 0x000000008ea00000|  0%| F|  |TAMS 0x000000008e900000, 0x000000008e900000| Untracked 
|  84|0x000000008ea00000, 0x000000008ea00000, 0x000000008eb00000|  0%| F|  |TAMS 0x000000008ea00000, 0x000000008ea00000| Untracked 
|  85|0x000000008eb00000, 0x000000008eb00000, 0x000000008ec00000|  0%| F|  |TAMS 0x000000008eb00000, 0x000000008eb00000| Untracked 
|  86|0x000000008ec00000, 0x000000008ec00000, 0x000000008ed00000|  0%| F|  |TAMS 0x000000008ec00000, 0x000000008ec00000| Untracked 
|  87|0x000000008ed00000, 0x000000008ed00000, 0x000000008ee00000|  0%| F|  |TAMS 0x000000008ed00000, 0x000000008ed00000| Untracked 
|  88|0x000000008ee00000, 0x000000008ee00000, 0x000000008ef00000|  0%| F|  |TAMS 0x000000008ee00000, 0x000000008ee00000| Untracked 
|  89|0x000000008ef00000, 0x000000008ef00000, 0x000000008f000000|  0%| F|  |TAMS 0x000000008ef00000, 0x000000008ef00000| Untracked 
|  90|0x000000008f000000, 0x000000008f000000, 0x000000008f100000|  0%| F|  |TAMS 0x000000008f000000, 0x000000008f000000| Untracked 
|  91|0x000000008f100000, 0x000000008f100000, 0x000000008f200000|  0%| F|  |TAMS 0x000000008f100000, 0x000000008f100000| Untracked 
|  92|0x000000008f200000, 0x000000008f200000, 0x000000008f300000|  0%| F|  |TAMS 0x000000008f200000, 0x000000008f200000| Untracked 
|  93|0x000000008f300000, 0x000000008f300000, 0x000000008f400000|  0%| F|  |TAMS 0x000000008f300000, 0x000000008f300000| Untracked 
|  94|0x000000008f400000, 0x000000008f400000, 0x000000008f500000|  0%| F|  |TAMS 0x000000008f400000, 0x000000008f400000| Untracked 
|  95|0x000000008f500000, 0x000000008f500000, 0x000000008f600000|  0%| F|  |TAMS 0x000000008f500000, 0x000000008f500000| Untracked 
|  96|0x000000008f600000, 0x000000008f600000, 0x000000008f700000|  0%| F|  |TAMS 0x000000008f600000, 0x000000008f600000| Untracked 
|  97|0x000000008f700000, 0x000000008f700000, 0x000000008f800000|  0%| F|  |TAMS 0x000000008f700000, 0x000000008f700000| Untracked 
|  98|0x000000008f800000, 0x000000008f800000, 0x000000008f900000|  0%| F|  |TAMS 0x000000008f800000, 0x000000008f800000| Untracked 
|  99|0x000000008f900000, 0x000000008f900000, 0x000000008fa00000|  0%| F|  |TAMS 0x000000008f900000, 0x000000008f900000| Untracked 
| 100|0x000000008fa00000, 0x000000008fa00000, 0x000000008fb00000|  0%| F|  |TAMS 0x000000008fa00000, 0x000000008fa00000| Untracked 
| 101|0x000000008fb00000, 0x000000008fb00000, 0x000000008fc00000|  0%| F|  |TAMS 0x000000008fb00000, 0x000000008fb00000| Untracked 
| 102|0x000000008fc00000, 0x000000008fc00000, 0x000000008fd00000|  0%| F|  |TAMS 0x000000008fc00000, 0x000000008fc00000| Untracked 
| 103|0x000000008fd00000, 0x000000008fd00000, 0x000000008fe00000|  0%| F|  |TAMS 0x000000008fd00000, 0x000000008fd00000| Untracked 
| 104|0x000000008fe00000, 0x000000008fe00000, 0x000000008ff00000|  0%| F|  |TAMS 0x000000008fe00000, 0x000000008fe00000| Untracked 
| 105|0x000000008ff00000, 0x000000008ff00000, 0x0000000090000000|  0%| F|  |TAMS 0x000000008ff00000, 0x000000008ff00000| Untracked 
| 106|0x0000000090000000, 0x0000000090000000, 0x0000000090100000|  0%| F|  |TAMS 0x0000000090000000, 0x0000000090000000| Untracked 
| 107|0x0000000090100000, 0x0000000090100000, 0x0000000090200000|  0%| F|  |TAMS 0x0000000090100000, 0x0000000090100000| Untracked 
| 108|0x0000000090200000, 0x0000000090200000, 0x0000000090300000|  0%| F|  |TAMS 0x0000000090200000, 0x0000000090200000| Untracked 
| 109|0x0000000090300000, 0x0000000090300000, 0x0000000090400000|  0%| F|  |TAMS 0x0000000090300000, 0x0000000090300000| Untracked 
| 110|0x0000000090400000, 0x0000000090400000, 0x0000000090500000|  0%| F|  |TAMS 0x0000000090400000, 0x0000000090400000| Untracked 
| 111|0x0000000090500000, 0x0000000090500000, 0x0000000090600000|  0%| F|  |TAMS 0x0000000090500000, 0x0000000090500000| Untracked 
| 112|0x0000000090600000, 0x0000000090600000, 0x0000000090700000|  0%| F|  |TAMS 0x0000000090600000, 0x0000000090600000| Untracked 
| 113|0x0000000090700000, 0x0000000090700000, 0x0000000090800000|  0%| F|  |TAMS 0x0000000090700000, 0x0000000090700000| Untracked 
| 114|0x0000000090800000, 0x0000000090800000, 0x0000000090900000|  0%| F|  |TAMS 0x0000000090800000, 0x0000000090800000| Untracked 
| 115|0x0000000090900000, 0x00000000909cc540, 0x0000000090a00000| 79%| S|CS|TAMS 0x0000000090900000, 0x0000000090900000| Complete 
| 116|0x0000000090a00000, 0x0000000090a00000, 0x0000000090b00000|  0%| F|  |TAMS 0x0000000090a00000, 0x0000000090a00000| Untracked 
| 117|0x0000000090b00000, 0x0000000090b00000, 0x0000000090c00000|  0%| F|  |TAMS 0x0000000090b00000, 0x0000000090b00000| Untracked 
| 118|0x0000000090c00000, 0x0000000090c00000, 0x0000000090d00000|  0%| F|  |TAMS 0x0000000090c00000, 0x0000000090c00000| Untracked 
| 119|0x0000000090d00000, 0x0000000090d00000, 0x0000000090e00000|  0%| F|  |TAMS 0x0000000090d00000, 0x0000000090d00000| Untracked 
| 120|0x0000000090e00000, 0x0000000090e00000, 0x0000000090f00000|  0%| F|  |TAMS 0x0000000090e00000, 0x0000000090e00000| Untracked 
| 121|0x0000000090f00000, 0x0000000090f00000, 0x0000000091000000|  0%| F|  |TAMS 0x0000000090f00000, 0x0000000090f00000| Untracked 
| 122|0x0000000091000000, 0x0000000091000000, 0x0000000091100000|  0%| F|  |TAMS 0x0000000091000000, 0x0000000091000000| Untracked 
| 123|0x0000000091100000, 0x0000000091100000, 0x0000000091200000|  0%| F|  |TAMS 0x0000000091100000, 0x0000000091100000| Untracked 
| 124|0x0000000091200000, 0x0000000091200000, 0x0000000091300000|  0%| F|  |TAMS 0x0000000091200000, 0x0000000091200000| Untracked 
| 125|0x0000000091300000, 0x0000000091300000, 0x0000000091400000|  0%| F|  |TAMS 0x0000000091300000, 0x0000000091300000| Untracked 
| 126|0x0000000091400000, 0x0000000091400000, 0x0000000091500000|  0%| F|  |TAMS 0x0000000091400000, 0x0000000091400000| Untracked 
| 127|0x0000000091500000, 0x0000000091500000, 0x0000000091600000|  0%| F|  |TAMS 0x0000000091500000, 0x0000000091500000| Untracked 
| 128|0x0000000091600000, 0x0000000091600000, 0x0000000091700000|  0%| F|  |TAMS 0x0000000091600000, 0x0000000091600000| Untracked 
| 129|0x0000000091700000, 0x0000000091700000, 0x0000000091800000|  0%| F|  |TAMS 0x0000000091700000, 0x0000000091700000| Untracked 
| 130|0x0000000091800000, 0x0000000091800000, 0x0000000091900000|  0%| F|  |TAMS 0x0000000091800000, 0x0000000091800000| Untracked 
| 131|0x0000000091900000, 0x0000000091900000, 0x0000000091a00000|  0%| F|  |TAMS 0x0000000091900000, 0x0000000091900000| Untracked 
| 132|0x0000000091a00000, 0x0000000091a00000, 0x0000000091b00000|  0%| F|  |TAMS 0x0000000091a00000, 0x0000000091a00000| Untracked 
| 133|0x0000000091b00000, 0x0000000091b00000, 0x0000000091c00000|  0%| F|  |TAMS 0x0000000091b00000, 0x0000000091b00000| Untracked 
| 134|0x0000000091c00000, 0x0000000091c00000, 0x0000000091d00000|  0%| F|  |TAMS 0x0000000091c00000, 0x0000000091c00000| Untracked 
| 135|0x0000000091d00000, 0x0000000091d00000, 0x0000000091e00000|  0%| F|  |TAMS 0x0000000091d00000, 0x0000000091d00000| Untracked 
| 136|0x0000000091e00000, 0x0000000091e00000, 0x0000000091f00000|  0%| F|  |TAMS 0x0000000091e00000, 0x0000000091e00000| Untracked 
| 137|0x0000000091f00000, 0x0000000091f00000, 0x0000000092000000|  0%| F|  |TAMS 0x0000000091f00000, 0x0000000091f00000| Untracked 
| 138|0x0000000092000000, 0x0000000092000000, 0x0000000092100000|  0%| F|  |TAMS 0x0000000092000000, 0x0000000092000000| Untracked 
| 139|0x0000000092100000, 0x0000000092100000, 0x0000000092200000|  0%| F|  |TAMS 0x0000000092100000, 0x0000000092100000| Untracked 
| 140|0x0000000092200000, 0x0000000092200000, 0x0000000092300000|  0%| F|  |TAMS 0x0000000092200000, 0x0000000092200000| Untracked 
| 141|0x0000000092300000, 0x0000000092300000, 0x0000000092400000|  0%| F|  |TAMS 0x0000000092300000, 0x0000000092300000| Untracked 
| 142|0x0000000092400000, 0x0000000092400000, 0x0000000092500000|  0%| F|  |TAMS 0x0000000092400000, 0x0000000092400000| Untracked 
| 143|0x0000000092500000, 0x0000000092500000, 0x0000000092600000|  0%| F|  |TAMS 0x0000000092500000, 0x0000000092500000| Untracked 
| 144|0x0000000092600000, 0x0000000092600000, 0x0000000092700000|  0%| F|  |TAMS 0x0000000092600000, 0x0000000092600000| Untracked 
| 145|0x0000000092700000, 0x0000000092700000, 0x0000000092800000|  0%| F|  |TAMS 0x0000000092700000, 0x0000000092700000| Untracked 
| 146|0x0000000092800000, 0x0000000092800000, 0x0000000092900000|  0%| F|  |TAMS 0x0000000092800000, 0x0000000092800000| Untracked 
| 147|0x0000000092900000, 0x0000000092900000, 0x0000000092a00000|  0%| F|  |TAMS 0x0000000092900000, 0x0000000092900000| Untracked 
| 148|0x0000000092a00000, 0x0000000092a00000, 0x0000000092b00000|  0%| F|  |TAMS 0x0000000092a00000, 0x0000000092a00000| Untracked 
| 149|0x0000000092b00000, 0x0000000092b00000, 0x0000000092c00000|  0%| F|  |TAMS 0x0000000092b00000, 0x0000000092b00000| Untracked 
| 150|0x0000000092c00000, 0x0000000092c00000, 0x0000000092d00000|  0%| F|  |TAMS 0x0000000092c00000, 0x0000000092c00000| Untracked 
| 151|0x0000000092d00000, 0x0000000092d00000, 0x0000000092e00000|  0%| F|  |TAMS 0x0000000092d00000, 0x0000000092d00000| Untracked 
| 152|0x0000000092e00000, 0x0000000092e00000, 0x0000000092f00000|  0%| F|  |TAMS 0x0000000092e00000, 0x0000000092e00000| Untracked 
| 153|0x0000000092f00000, 0x0000000092f00000, 0x0000000093000000|  0%| F|  |TAMS 0x0000000092f00000, 0x0000000092f00000| Untracked 
| 154|0x0000000093000000, 0x0000000093000000, 0x0000000093100000|  0%| F|  |TAMS 0x0000000093000000, 0x0000000093000000| Untracked 
| 155|0x0000000093100000, 0x0000000093100000, 0x0000000093200000|  0%| F|  |TAMS 0x0000000093100000, 0x0000000093100000| Untracked 
| 156|0x0000000093200000, 0x0000000093200000, 0x0000000093300000|  0%| F|  |TAMS 0x0000000093200000, 0x0000000093200000| Untracked 
| 157|0x0000000093300000, 0x0000000093387698, 0x0000000093400000| 52%| E|  |TAMS 0x0000000093300000, 0x0000000093300000| Complete 
| 158|0x0000000093400000, 0x0000000093500000, 0x0000000093500000|100%| E|CS|TAMS 0x0000000093400000, 0x0000000093400000| Complete 
| 159|0x0000000093500000, 0x0000000093600000, 0x0000000093600000|100%| E|CS|TAMS 0x0000000093500000, 0x0000000093500000| Complete 

Card table byte_map: [0x0000024f7e5c0000,0x0000024f7e980000] _byte_map_base: 0x0000024f7e175000

Marking Bits (Prev, Next): (CMBitMap*) 0x0000024f676f5a20, (CMBitMap*) 0x0000024f676f5a60
 Prev Bits: [0x0000024f00000000, 0x0000024f01da8000)
 Next Bits: [0x0000024f01db0000, 0x0000024f03b58000)

Polling page: 0x0000024f65650000

Metaspace:

Usage:
  Non-class:     36.91 MB used.
      Class:      5.76 MB used.
       Both:     42.67 MB used.

Virtual space:
  Non-class space:       64.00 MB reserved,      37.12 MB ( 58%) committed,  1 nodes.
      Class space:        1.00 GB reserved,       5.94 MB ( <1%) committed,  1 nodes.
             Both:        1.06 GB reserved,      43.06 MB (  4%) committed. 

Chunk freelists:
   Non-Class:  10.56 MB
       Class:  10.08 MB
        Both:  20.64 MB

MaxMetaspaceSize: unlimited
CompressedClassSpaceSize: 1.00 GB
Initial GC threshold: 21.00 MB
Current GC threshold: 58.75 MB
CDS: on
MetaspaceReclaimPolicy: balanced
 - commit_granule_bytes: 65536.
 - commit_granule_words: 8192.
 - virtual_space_node_default_size: 8388608.
 - enlarge_chunks_in_place: 1.
 - new_chunks_are_fully_committed: 0.
 - uncommit_free_chunks: 1.
 - use_allocation_guard: 0.
 - handle_deallocations: 1.


Internal statistics:

num_allocs_failed_limit: 6.
num_arena_births: 546.
num_arena_deaths: 0.
num_vsnodes_births: 2.
num_vsnodes_deaths: 0.
num_space_committed: 689.
num_space_uncommitted: 0.
num_chunks_returned_to_freelist: 6.
num_chunks_taken_from_freelist: 2118.
num_chunk_merges: 6.
num_chunk_splits: 1475.
num_chunks_enlarged: 1133.
num_inconsistent_stats: 0.

CodeHeap 'non-profiled nmethods': size=120000Kb used=2969Kb max_used=2969Kb free=117030Kb
 bounds [0x0000024f76cd0000, 0x0000024f76fc0000, 0x0000024f7e200000]
CodeHeap 'profiled nmethods': size=120000Kb used=10222Kb max_used=10222Kb free=109777Kb
 bounds [0x0000024f6f200000, 0x0000024f6fc00000, 0x0000024f76730000]
CodeHeap 'non-nmethods': size=5760Kb used=1243Kb max_used=1386Kb free=4516Kb
 bounds [0x0000024f76730000, 0x0000024f769a0000, 0x0000024f76cd0000]
 total_blobs=5284 nmethods=4731 adapters=464
 compilation: enabled
              stopped_count=0, restarted_count=0
 full_count=0

Compilation events (20 events):
Event: 8.677 Thread 0x0000024f7f2159d0 4731       3       java.util.jar.JarFile$JarFileEntry::withBasename (7 bytes)
Event: 8.678 Thread 0x0000024f7f2159d0 nmethod 4731 0x0000024f6fbf7890 code [0x0000024f6fbf7a20, 0x0000024f6fbf7b78]
Event: 8.699 Thread 0x0000024f7f2159d0 4733       1       java.nio.DirectByteBuffer::base (2 bytes)
Event: 8.700 Thread 0x0000024f7f2159d0 nmethod 4733 0x0000024f76fb6090 code [0x0000024f76fb6220, 0x0000024f76fb62f8]
Event: 8.705 Thread 0x0000024f7f2159d0 4734       3       org.postgresql.core.AsciiStringInterner::hashKey (46 bytes)
Event: 8.705 Thread 0x0000024f7f2159d0 nmethod 4734 0x0000024f6fbf7c10 code [0x0000024f6fbf7dc0, 0x0000024f6fbf7ff8]
Event: 8.705 Thread 0x0000024f7f2159d0 4735       3       org.postgresql.core.VisibleBufferedInputStream::scanCStringLength (59 bytes)
Event: 8.705 Thread 0x0000024f7f2159d0 nmethod 4735 0x0000024f6fbf8110 code [0x0000024f6fbf82e0, 0x0000024f6fbf86f8]
Event: 8.705 Thread 0x0000024f7f2159d0 4737       3       java.lang.AbstractStringBuilder::appendChars (130 bytes)
Event: 8.706 Thread 0x0000024f7f2159d0 nmethod 4737 0x0000024f6fbf8890 code [0x0000024f6fbf8aa0, 0x0000024f6fbf9028]
Event: 8.706 Thread 0x0000024f7f2159d0 4738       3       org.postgresql.jdbc.ResourceLock::obtain (6 bytes)
Event: 8.706 Thread 0x0000024f7f2159d0 nmethod 4738 0x0000024f6fbf9290 code [0x0000024f6fbf9460, 0x0000024f6fbf97f8]
Event: 8.706 Thread 0x0000024f7f2159d0 4739       3       org.postgresql.jdbc.ResourceLock::close (5 bytes)
Event: 8.707 Thread 0x0000024f7f2159d0 nmethod 4739 0x0000024f6fbf9910 code [0x0000024f6fbf9ae0, 0x0000024f6fbf9e98]
Event: 8.707 Thread 0x0000024f7f2159d0 4736       3       java.util.stream.FindOps$FindOp::evaluateSequential (39 bytes)
Event: 8.707 Thread 0x0000024f7f2159d0 nmethod 4736 0x0000024f6fbfa010 code [0x0000024f6fbfa200, 0x0000024f6fbfa808]
Event: 8.721 Thread 0x0000024f7f2159d0 4740       3       sun.reflect.annotation.AnnotationParser::skipMemberValue (11 bytes)
Event: 8.721 Thread 0x0000024f7f2159d0 nmethod 4740 0x0000024f6fbfa990 code [0x0000024f6fbfab40, 0x0000024f6fbfad38]
Event: 8.721 Thread 0x0000024f7f2159d0 4741       3       sun.reflect.annotation.AnnotationParser::skipMemberValue (65 bytes)
Event: 8.722 Thread 0x0000024f7f2159d0 nmethod 4741 0x0000024f6fbfae10 code [0x0000024f6fbfb040, 0x0000024f6fbfb738]

GC Heap History (20 events):
Event: 0.810 GC heap before
{Heap before GC invocations=1 (full 0):
 garbage-first heap   total 122880K, used 19449K [0x0000000089600000, 0x0000000100000000)
  region size 1024K, 10 young (10240K), 2 survivors (2048K)
 Metaspace       used 3321K, committed 3520K, reserved 1114112K
  class space    used 349K, committed 448K, reserved 1048576K
}
Event: 0.816 GC heap after
{Heap after GC invocations=2 (full 0):
 garbage-first heap   total 122880K, used 12785K [0x0000000089600000, 0x0000000100000000)
  region size 1024K, 2 young (2048K), 2 survivors (2048K)
 Metaspace       used 3321K, committed 3520K, reserved 1114112K
  class space    used 349K, committed 448K, reserved 1048576K
}
Event: 1.470 GC heap before
{Heap before GC invocations=2 (full 0):
 garbage-first heap   total 122880K, used 31217K [0x0000000089600000, 0x0000000100000000)
  region size 1024K, 20 young (20480K), 2 survivors (2048K)
 Metaspace       used 7988K, committed 8192K, reserved 1114112K
  class space    used 992K, committed 1088K, reserved 1048576K
}
Event: 1.475 GC heap after
{Heap after GC invocations=3 (full 0):
 garbage-first heap   total 122880K, used 14161K [0x0000000089600000, 0x0000000100000000)
  region size 1024K, 3 young (3072K), 3 survivors (3072K)
 Metaspace       used 7988K, committed 8192K, reserved 1114112K
  class space    used 992K, committed 1088K, reserved 1048576K
}
Event: 3.821 GC heap before
{Heap before GC invocations=3 (full 0):
 garbage-first heap   total 122880K, used 87889K [0x0000000089600000, 0x0000000100000000)
  region size 1024K, 72 young (73728K), 3 survivors (3072K)
 Metaspace       used 20908K, committed 21248K, reserved 1114112K
  class space    used 2833K, committed 3008K, reserved 1048576K
}
Event: 3.836 GC heap after
{Heap after GC invocations=4 (full 0):
 garbage-first heap   total 122880K, used 21011K [0x0000000089600000, 0x0000000100000000)
  region size 1024K, 9 young (9216K), 9 survivors (9216K)
 Metaspace       used 20908K, committed 21248K, reserved 1114112K
  class space    used 2833K, committed 3008K, reserved 1048576K
}
Event: 3.885 GC heap before
{Heap before GC invocations=4 (full 0):
 garbage-first heap   total 122880K, used 23059K [0x0000000089600000, 0x0000000100000000)
  region size 1024K, 12 young (12288K), 9 survivors (9216K)
 Metaspace       used 21159K, committed 21504K, reserved 1114112K
  class space    used 2870K, committed 3072K, reserved 1048576K
}
Event: 3.897 GC heap after
{Heap after GC invocations=5 (full 0):
 garbage-first heap   total 122880K, used 22412K [0x0000000089600000, 0x0000000100000000)
  region size 1024K, 2 young (2048K), 2 survivors (2048K)
 Metaspace       used 21159K, committed 21504K, reserved 1114112K
  class space    used 2870K, committed 3072K, reserved 1048576K
}
Event: 4.818 GC heap before
{Heap before GC invocations=6 (full 0):
 garbage-first heap   total 81920K, used 66444K [0x0000000089600000, 0x0000000100000000)
  region size 1024K, 47 young (48128K), 2 survivors (2048K)
 Metaspace       used 28357K, committed 28736K, reserved 1114112K
  class space    used 3741K, committed 3904K, reserved 1048576K
}
Event: 4.826 GC heap after
{Heap after GC invocations=7 (full 0):
 garbage-first heap   total 81920K, used 25109K [0x0000000089600000, 0x0000000100000000)
  region size 1024K, 4 young (4096K), 4 survivors (4096K)
 Metaspace       used 28357K, committed 28736K, reserved 1114112K
  class space    used 3741K, committed 3904K, reserved 1048576K
}
Event: 4.843 GC heap before
{Heap before GC invocations=7 (full 0):
 garbage-first heap   total 81920K, used 26133K [0x0000000089600000, 0x0000000100000000)
  region size 1024K, 5 young (5120K), 4 survivors (4096K)
 Metaspace       used 28376K, committed 28736K, reserved 1114112K
  class space    used 3743K, committed 3904K, reserved 1048576K
}
Event: 4.851 GC heap after
{Heap after GC invocations=8 (full 0):
 garbage-first heap   total 81920K, used 25701K [0x0000000089600000, 0x0000000100000000)
  region size 1024K, 1 young (1024K), 1 survivors (1024K)
 Metaspace       used 28376K, committed 28736K, reserved 1114112K
  class space    used 3743K, committed 3904K, reserved 1048576K
}
Event: 6.031 GC heap before
{Heap before GC invocations=8 (full 0):
 garbage-first heap   total 81920K, used 59493K [0x0000000089600000, 0x0000000100000000)
  region size 1024K, 34 young (34816K), 1 survivors (1024K)
 Metaspace       used 32093K, committed 32448K, reserved 1114112K
  class space    used 4257K, committed 4416K, reserved 1048576K
}
Event: 6.039 GC heap after
{Heap after GC invocations=9 (full 0):
 garbage-first heap   total 81920K, used 27444K [0x0000000089600000, 0x0000000100000000)
  region size 1024K, 3 young (3072K), 3 survivors (3072K)
 Metaspace       used 32093K, committed 32448K, reserved 1114112K
  class space    used 4257K, committed 4416K, reserved 1048576K
}
Event: 6.928 GC heap before
{Heap before GC invocations=9 (full 0):
 garbage-first heap   total 81920K, used 54068K [0x0000000089600000, 0x0000000100000000)
  region size 1024K, 30 young (30720K), 3 survivors (3072K)
 Metaspace       used 35570K, committed 35968K, reserved 1114112K
  class space    used 4774K, committed 4992K, reserved 1048576K
}
Event: 6.941 GC heap after
{Heap after GC invocations=10 (full 0):
 garbage-first heap   total 81920K, used 29713K [0x0000000089600000, 0x0000000100000000)
  region size 1024K, 5 young (5120K), 5 survivors (5120K)
 Metaspace       used 35570K, committed 35968K, reserved 1114112K
  class space    used 4774K, committed 4992K, reserved 1048576K
}
Event: 8.636 GC heap before
{Heap before GC invocations=11 (full 0):
 garbage-first heap   total 81920K, used 62481K [0x0000000089600000, 0x0000000100000000)
  region size 1024K, 37 young (37888K), 5 survivors (5120K)
 Metaspace       used 43123K, committed 43584K, reserved 1114112K
  class space    used 5787K, committed 6016K, reserved 1048576K
}
Event: 8.653 GC heap after
{Heap after GC invocations=12 (full 0):
 garbage-first heap   total 81920K, used 31971K [0x0000000089600000, 0x0000000100000000)
  region size 1024K, 5 young (5120K), 5 survivors (5120K)
 Metaspace       used 43123K, committed 43584K, reserved 1114112K
  class space    used 5787K, committed 6016K, reserved 1048576K
}
Event: 8.683 GC heap before
{Heap before GC invocations=12 (full 0):
 garbage-first heap   total 81920K, used 32995K [0x0000000089600000, 0x0000000100000000)
  region size 1024K, 7 young (7168K), 5 survivors (5120K)
 Metaspace       used 43268K, committed 43712K, reserved 1114112K
  class space    used 5813K, committed 6016K, reserved 1048576K
}
Event: 8.698 GC heap after
{Heap after GC invocations=13 (full 0):
 garbage-first heap   total 163840K, used 31852K [0x0000000089600000, 0x0000000100000000)
  region size 1024K, 1 young (1024K), 1 survivors (1024K)
 Metaspace       used 43268K, committed 43712K, reserved 1114112K
  class space    used 5813K, committed 6016K, reserved 1048576K
}

Dll operation events (10 events):
Event: 0.011 Loaded shared library C:\Program Files\Eclipse Adoptium\jdk-17.0.16.8-hotspot\bin\java.dll
Event: 0.051 Loaded shared library C:\Program Files\Eclipse Adoptium\jdk-17.0.16.8-hotspot\bin\jsvml.dll
Event: 0.108 Loaded shared library C:\Program Files\Eclipse Adoptium\jdk-17.0.16.8-hotspot\bin\net.dll
Event: 0.111 Loaded shared library C:\Program Files\Eclipse Adoptium\jdk-17.0.16.8-hotspot\bin\nio.dll
Event: 0.115 Loaded shared library C:\Program Files\Eclipse Adoptium\jdk-17.0.16.8-hotspot\bin\zip.dll
Event: 0.218 Loaded shared library C:\Program Files\Eclipse Adoptium\jdk-17.0.16.8-hotspot\bin\management.dll
Event: 0.226 Loaded shared library C:\Program Files\Eclipse Adoptium\jdk-17.0.16.8-hotspot\bin\management_ext.dll
Event: 0.267 Loaded shared library C:\Program Files\Eclipse Adoptium\jdk-17.0.16.8-hotspot\bin\jimage.dll
Event: 4.696 Loaded shared library C:\Program Files\Eclipse Adoptium\jdk-17.0.16.8-hotspot\bin\sunmscapi.dll
Event: 7.155 Loaded shared library C:\Program Files\Eclipse Adoptium\jdk-17.0.16.8-hotspot\bin\extnet.dll

Deoptimization events (20 events):
Event: 8.125 Thread 0x0000024f6769ce20 DEOPT PACKING pc=0x0000024f76e93c0c sp=0x000000c37e2fa940
Event: 8.125 Thread 0x0000024f6769ce20 DEOPT UNPACKING pc=0x0000024f767869a3 sp=0x000000c37e2fa8e0 mode 2
Event: 8.126 Thread 0x0000024f6769ce20 Uncommon trap: trap_request=0xffffffc6 fr.pc=0x0000024f76f88f3c relative=0x00000000000001dc
Event: 8.126 Thread 0x0000024f6769ce20 Uncommon trap: reason=bimorphic_or_optimized_type_check action=maybe_recompile pc=0x0000024f76f88f3c method=java.lang.ClassLoader.loadClass(Ljava/lang/String;)Ljava/lang/Class; @ 3 c2
Event: 8.126 Thread 0x0000024f6769ce20 DEOPT PACKING pc=0x0000024f76f88f3c sp=0x000000c37e2faa00
Event: 8.126 Thread 0x0000024f6769ce20 DEOPT UNPACKING pc=0x0000024f767869a3 sp=0x000000c37e2fa990 mode 2
Event: 8.417 Thread 0x0000024f6769ce20 Uncommon trap: trap_request=0xffffffc6 fr.pc=0x0000024f76f88f3c relative=0x00000000000001dc
Event: 8.417 Thread 0x0000024f6769ce20 Uncommon trap: reason=bimorphic_or_optimized_type_check action=maybe_recompile pc=0x0000024f76f88f3c method=java.lang.ClassLoader.loadClass(Ljava/lang/String;)Ljava/lang/Class; @ 3 c2
Event: 8.417 Thread 0x0000024f6769ce20 DEOPT PACKING pc=0x0000024f76f88f3c sp=0x000000c37e2fab70
Event: 8.417 Thread 0x0000024f6769ce20 DEOPT UNPACKING pc=0x0000024f767869a3 sp=0x000000c37e2fab00 mode 2
Event: 8.425 Thread 0x0000024f6769ce20 DEOPT PACKING pc=0x0000024f6f347d88 sp=0x000000c37e2fb040
Event: 8.425 Thread 0x0000024f6769ce20 DEOPT UNPACKING pc=0x0000024f76787143 sp=0x000000c37e2fa4b0 mode 0
Event: 8.426 Thread 0x0000024f6769ce20 DEOPT PACKING pc=0x0000024f6f347d88 sp=0x000000c37e2fb040
Event: 8.426 Thread 0x0000024f6769ce20 DEOPT UNPACKING pc=0x0000024f76787143 sp=0x000000c37e2fa4b0 mode 0
Event: 8.536 Thread 0x0000024f6769ce20 Uncommon trap: trap_request=0xffffffc6 fr.pc=0x0000024f76f88f3c relative=0x00000000000001dc
Event: 8.536 Thread 0x0000024f6769ce20 Uncommon trap: reason=bimorphic_or_optimized_type_check action=maybe_recompile pc=0x0000024f76f88f3c method=java.lang.ClassLoader.loadClass(Ljava/lang/String;)Ljava/lang/Class; @ 3 c2
Event: 8.536 Thread 0x0000024f6769ce20 DEOPT PACKING pc=0x0000024f76f88f3c sp=0x000000c37e2f7940
Event: 8.536 Thread 0x0000024f6769ce20 DEOPT UNPACKING pc=0x0000024f767869a3 sp=0x000000c37e2f78d0 mode 2
Event: 8.677 Thread 0x0000024f4dc0d2f0 DEOPT PACKING pc=0x0000024f6fbc09ab sp=0x000000c37fffe4a0
Event: 8.677 Thread 0x0000024f4dc0d2f0 DEOPT UNPACKING pc=0x0000024f76787143 sp=0x000000c37fffd970 mode 0

Classes loaded (20 events):
Event: 7.664 Loading class java/util/concurrent/ThreadPoolExecutor$CallerRunsPolicy
Event: 7.664 Loading class java/util/concurrent/ThreadPoolExecutor$CallerRunsPolicy done
Event: 7.705 Loading class java/lang/instrument/ClassFileTransformer
Event: 7.705 Loading class java/lang/instrument/ClassFileTransformer done
Event: 8.403 Loading class javax/xml/stream/XMLResolver
Event: 8.403 Loading class javax/xml/stream/XMLResolver done
Event: 8.403 Loading class javax/xml/stream/XMLEventReader
Event: 8.404 Loading class javax/xml/stream/XMLEventReader done
Event: 8.412 Loading class javax/xml/stream/XMLEventFactory
Event: 8.412 Loading class javax/xml/stream/XMLEventFactory done
Event: 8.412 Loading class javax/xml/stream/FactoryFinder
Event: 8.413 Loading class javax/xml/stream/FactoryFinder done
Event: 8.414 Loading class javax/xml/stream/FactoryFinder$1
Event: 8.414 Loading class javax/xml/stream/FactoryFinder$1 done
Event: 8.415 Loading class com/sun/xml/internal/stream/events/XMLEventFactoryImpl
Event: 8.415 Loading class com/sun/xml/internal/stream/events/XMLEventFactoryImpl done
Event: 8.463 Loading class java/lang/Process
Event: 8.464 Loading class java/lang/Process done
Event: 8.485 Loading class java/lang/reflect/GenericSignatureFormatError
Event: 8.485 Loading class java/lang/reflect/GenericSignatureFormatError done

Classes unloaded (0 events):
No events

Classes redefined (0 events):
No events

Internal exceptions (20 events):
Event: 6.244 Thread 0x0000024f6769ce20 Exception <a 'java/lang/NoClassDefFoundError'{0x000000008df8df30}: liquibase/integration/spring/SpringLiquibase> (0x000000008df8df30) 
thrown [s\src\hotspot\share\classfile\systemDictionary.cpp, line 245]
Event: 6.256 Thread 0x0000024f6769ce20 Exception <a 'java/lang/NoClassDefFoundError'{0x000000008dff07d0}: org/jooq/DSLContext> (0x000000008dff07d0) 
thrown [s\src\hotspot\share\classfile\systemDictionary.cpp, line 245]
Event: 6.309 Thread 0x0000024f6769ce20 Exception <a 'java/lang/NoClassDefFoundError'{0x000000008dc51e30}: org/springframework/batch/core/repository/JobRepository> (0x000000008dc51e30) 
thrown [s\src\hotspot\share\classfile\systemDictionary.cpp, line 245]
Event: 6.309 Thread 0x0000024f6769ce20 Exception <a 'java/lang/NoClassDefFoundError'{0x000000008dc54f98}: org/quartz/Scheduler> (0x000000008dc54f98) 
thrown [s\src\hotspot\share\classfile\systemDictionary.cpp, line 245]
Event: 6.310 Thread 0x0000024f6769ce20 Exception <a 'java/lang/NoClassDefFoundError'{0x000000008dc587c8}: org/springframework/session/jdbc/JdbcIndexedSessionRepository> (0x000000008dc587c8) 
thrown [s\src\hotspot\share\classfile\systemDictionary.cpp, line 245]
Event: 6.482 Thread 0x0000024f6769ce20 Exception <a 'java/lang/IncompatibleClassChangeError'{0x000000008d8c30b0}: Found class java.lang.Object, but interface was expected> (0x000000008d8c30b0) 
thrown [s\src\hotspot\share\interpreter\linkResolver.cpp, line 826]
Event: 6.564 Thread 0x0000024f6769ce20 Exception <a 'java/lang/NoSuchMethodError'{0x000000008d6e0570}: 'int java.lang.invoke.DirectMethodHandle$Holder.invokeSpecialIFC(java.lang.Object, java.lang.Object, java.lang.Object)'> (0x000000008d6e0570) 
thrown [s\src\hotspot\share\interpreter\linkResolver.cpp, line 759]
Event: 6.726 Thread 0x0000024f6769ce20 Exception <a 'java/lang/NoSuchMethodError'{0x000000008d2e6bc0}: 'void java.lang.invoke.DirectMethodHandle$Holder.invokeVirtual(java.lang.Object, java.lang.Object, int)'> (0x000000008d2e6bc0) 
thrown [s\src\hotspot\share\interpreter\linkResolver.cpp, line 759]
Event: 6.730 Thread 0x0000024f6769ce20 Exception <a 'java/lang/NoSuchMethodError'{0x000000008d112a50}: 'void java.lang.invoke.DirectMethodHandle$Holder.invokeVirtual(java.lang.Object, java.lang.Object, long)'> (0x000000008d112a50) 
thrown [s\src\hotspot\share\interpreter\linkResolver.cpp, line 759]
Event: 6.847 Thread 0x0000024f6769ce20 Implicit null exception at 0x0000024f76deb00e to 0x0000024f76deb19c
Event: 6.905 Thread 0x0000024f6769ce20 Implicit null exception at 0x0000024f76edd860 to 0x0000024f76edda48
Event: 6.989 Thread 0x0000024f6769ce20 Implicit null exception at 0x0000024f76ec7f12 to 0x0000024f76ec8520
Event: 7.029 Thread 0x0000024f6769ce20 Exception <a 'java/lang/NoSuchMethodError'{0x0000000090dee8f8}: 'java.lang.Object java.lang.invoke.DirectMethodHandle$Holder.invokeStaticInit(java.lang.Object, int, int, int, int)'> (0x0000000090dee8f8) 
thrown [s\src\hotspot\share\interpreter\linkResolver.cpp, line 759]
Event: 7.089 Thread 0x0000024f6769ce20 Exception <a 'java/lang/NoSuchMethodError'{0x0000000090abf8e0}: 'java.lang.Object java.lang.invoke.DirectMethodHandle$Holder.invokeStaticInit(java.lang.Object, java.lang.Object, int, int, int, int)'> (0x0000000090abf8e0) 
thrown [s\src\hotspot\share\interpreter\linkResolver.cpp, line 759]
Event: 7.110 Thread 0x0000024f6769ce20 Exception <a 'java/lang/NoSuchMethodError'{0x0000000090930f50}: 'int java.lang.invoke.DirectMethodHandle$Holder.invokeStaticInit(java.lang.Object, java.lang.Object, java.lang.Object, java.lang.Object)'> (0x0000000090930f50) 
thrown [s\src\hotspot\share\interpreter\linkResolver.cpp, line 759]
Event: 7.178 Thread 0x0000024f6769ce20 Implicit null exception at 0x0000024f76da94ca to 0x0000024f76da9d56
Event: 7.265 Thread 0x0000024f6769ce20 Exception <a 'sun/nio/fs/WindowsException'{0x000000008e2fd218}> (0x000000008e2fd218) 
thrown [s\src\hotspot\share\prims\jni.cpp, line 516]
Event: 7.306 Thread 0x0000024f6769ce20 Exception <a 'java/lang/NoSuchMethodError'{0x000000008e17d680}: 'int java.lang.invoke.DirectMethodHandle$Holder.invokeInterface(java.lang.Object, java.lang.Object, int)'> (0x000000008e17d680) 
thrown [s\src\hotspot\share\interpreter\linkResolver.cpp, line 759]
Event: 7.307 Thread 0x0000024f6769ce20 Exception <a 'java/lang/IncompatibleClassChangeError'{0x000000008e1a1ab8}: Found class java.lang.Object, but interface was expected> (0x000000008e1a1ab8) 
thrown [s\src\hotspot\share\interpreter\linkResolver.cpp, line 826]
Event: 7.682 Thread 0x0000024f6769ce20 Exception <a 'java/lang/NoSuchMethodError'{0x000000008dda7378}: 'java.lang.Object java.lang.invoke.DirectMethodHandle$Holder.invokeStaticInit(java.lang.Object, java.lang.Object, java.lang.Object, java.lang.Object)'> (0x000000008dda7378) 
thrown [s\src\hotspot\share\interpreter\linkResolver.cpp, line 759]

VM Operations (20 events):
Event: 7.018 Executing VM operation: G1PauseCleanup
Event: 7.018 Executing VM operation: G1PauseCleanup done
Event: 7.268 Executing VM operation: HandshakeAllThreads
Event: 7.268 Executing VM operation: HandshakeAllThreads done
Event: 7.278 Executing VM operation: HandshakeAllThreads
Event: 7.278 Executing VM operation: HandshakeAllThreads done
Event: 7.279 Executing VM operation: HandshakeAllThreads
Event: 7.280 Executing VM operation: HandshakeAllThreads done
Event: 7.284 Executing VM operation: HandshakeAllThreads
Event: 7.284 Executing VM operation: HandshakeAllThreads done
Event: 7.662 Executing VM operation: HandshakeAllThreads
Event: 7.662 Executing VM operation: HandshakeAllThreads done
Event: 7.933 Executing VM operation: HandshakeAllThreads
Event: 7.933 Executing VM operation: HandshakeAllThreads done
Event: 8.636 Executing VM operation: G1CollectForAllocation
Event: 8.653 Executing VM operation: G1CollectForAllocation done
Event: 8.683 Executing VM operation: G1CollectForAllocation
Event: 8.683 Executing VM operation: G1CollectForAllocation done
Event: 8.683 Executing VM operation: G1CollectForAllocation
Event: 8.698 Executing VM operation: G1CollectForAllocation done

Memory protections (0 events):
No events

Nmethod flushes (0 events):
No events

Events (20 events):
Event: 0.073 Thread 0x0000024f6769ce20 Thread added: 0x0000024f7f1e1050
Event: 0.073 Thread 0x0000024f6769ce20 Thread added: 0x0000024f7f1ede10
Event: 0.073 Thread 0x0000024f6769ce20 Thread added: 0x0000024f7f2159d0
Event: 0.073 Thread 0x0000024f6769ce20 Thread added: 0x0000024f7f2313c0
Event: 0.103 Thread 0x0000024f6769ce20 Thread added: 0x0000024f4b0d0c20
Event: 0.104 Thread 0x0000024f6769ce20 Thread added: 0x0000024f4b0d3d80
Event: 0.507 Thread 0x0000024f6769ce20 Thread added: 0x0000024f4b5d1ee0
Event: 0.527 Thread 0x0000024f6769ce20 Thread added: 0x0000024f4b3f8b70
Event: 0.710 Thread 0x0000024f7f2159d0 Thread added: 0x0000024f4bbf8850
Event: 3.104 Thread 0x0000024f6769ce20 Thread added: 0x0000024f4cd0bbe0
Event: 3.111 Thread 0x0000024f4bbf8850 Thread exited: 0x0000024f4bbf8850
Event: 3.112 Thread 0x0000024f4cd0bbe0 Thread exited: 0x0000024f4cd0bbe0
Event: 3.158 Thread 0x0000024f7f2159d0 Thread added: 0x0000024f4bbf8850
Event: 3.291 Thread 0x0000024f6769ce20 Thread added: 0x0000024f4cd0bbe0
Event: 4.094 Thread 0x0000024f6769ce20 Thread added: 0x0000024f4db8e0a0
Event: 4.183 Thread 0x0000024f4db8e0a0 Thread exited: 0x0000024f4db8e0a0
Event: 4.741 Thread 0x0000024f4cd0bbe0 Thread exited: 0x0000024f4cd0bbe0
Event: 7.636 Thread 0x0000024f6769ce20 Thread added: 0x0000024f4d7ffff0
Event: 7.661 Thread 0x0000024f6769ce20 Thread added: 0x0000024f4d3a7430
Event: 7.770 Thread 0x0000024f4d3a7430 Thread added: 0x0000024f4dc0d2f0


Dynamic libraries:
0x00007ff6e2250000 - 0x00007ff6e225e000 	C:\Program Files\Eclipse Adoptium\jdk-17.0.16.8-hotspot\bin\java.exe
0x00007ffb9bf70000 - 0x00007ffb9c168000 	C:\Windows\SYSTEM32\ntdll.dll
0x00007ffb9ad10000 - 0x00007ffb9add2000 	C:\Windows\System32\KERNEL32.DLL
0x00007ffb99a90000 - 0x00007ffb99d86000 	C:\Windows\System32\KERNELBASE.dll
0x00007ffb996b0000 - 0x00007ffb997b0000 	C:\Windows\System32\ucrtbase.dll
0x00007ffb779f0000 - 0x00007ffb77a07000 	C:\Program Files\Eclipse Adoptium\jdk-17.0.16.8-hotspot\bin\jli.dll
0x00007ffb99f90000 - 0x00007ffb9a131000 	C:\Windows\System32\USER32.dll
0x00007ffb99940000 - 0x00007ffb99962000 	C:\Windows\System32\win32u.dll
0x00007ffb9ab30000 - 0x00007ffb9ab5b000 	C:\Windows\System32\GDI32.dll
0x00007ffb99970000 - 0x00007ffb99a89000 	C:\Windows\System32\gdi32full.dll
0x00007ffb99e20000 - 0x00007ffb99ebd000 	C:\Windows\System32\msvcp_win.dll
0x00007ffb77740000 - 0x00007ffb7775e000 	C:\Program Files\Eclipse Adoptium\jdk-17.0.16.8-hotspot\bin\VCRUNTIME140.dll
0x00007ffb857f0000 - 0x00007ffb85a8b000 	C:\Windows\WinSxS\amd64_microsoft.windows.common-controls_6595b64144ccf1df_6.0.19041.6456_none_60b8a6cb71f64256\COMCTL32.dll
0x00007ffb9be30000 - 0x00007ffb9bece000 	C:\Windows\System32\msvcrt.dll
0x00007ffb9a140000 - 0x00007ffb9a16f000 	C:\Windows\System32\IMM32.DLL
0x00007ffb899d0000 - 0x00007ffb899dc000 	C:\Program Files\Eclipse Adoptium\jdk-17.0.16.8-hotspot\bin\vcruntime140_1.dll
0x00007ffb776b0000 - 0x00007ffb7773d000 	C:\Program Files\Eclipse Adoptium\jdk-17.0.16.8-hotspot\bin\msvcp140.dll
0x00007ffb32170000 - 0x00007ffb32ddb000 	C:\Program Files\Eclipse Adoptium\jdk-17.0.16.8-hotspot\bin\server\jvm.dll
0x00007ffb9aa70000 - 0x00007ffb9ab21000 	C:\Windows\System32\ADVAPI32.dll
0x00007ffb9a840000 - 0x00007ffb9a8df000 	C:\Windows\System32\sechost.dll
0x00007ffb9a6f0000 - 0x00007ffb9a810000 	C:\Windows\System32\RPCRT4.dll
0x00007ffb99910000 - 0x00007ffb99937000 	C:\Windows\System32\bcrypt.dll
0x00007ffb9ac90000 - 0x00007ffb9acfb000 	C:\Windows\System32\WS2_32.dll
0x00007ffb98b00000 - 0x00007ffb98b4b000 	C:\Windows\SYSTEM32\POWRPROF.dll
0x00007ffb83170000 - 0x00007ffb83197000 	C:\Windows\SYSTEM32\WINMM.dll
0x00007ffb91d60000 - 0x00007ffb91d6a000 	C:\Windows\SYSTEM32\VERSION.dll
0x00007ffb989c0000 - 0x00007ffb989d2000 	C:\Windows\SYSTEM32\UMPDC.dll
0x00007ffb97dc0000 - 0x00007ffb97dd2000 	C:\Windows\SYSTEM32\kernel.appcore.dll
0x00007ffb871d0000 - 0x00007ffb871da000 	C:\Program Files\Eclipse Adoptium\jdk-17.0.16.8-hotspot\bin\jimage.dll
0x00007ffb831a0000 - 0x00007ffb833a1000 	C:\Windows\SYSTEM32\DBGHELP.DLL
0x00007ffb7e890000 - 0x00007ffb7e8c4000 	C:\Windows\SYSTEM32\dbgcore.DLL
0x00007ffb99d90000 - 0x00007ffb99e12000 	C:\Windows\System32\bcryptPrimitives.dll
0x00007ffb77680000 - 0x00007ffb776a5000 	C:\Program Files\Eclipse Adoptium\jdk-17.0.16.8-hotspot\bin\java.dll
0x00007ffb5cc10000 - 0x00007ffb5cce7000 	C:\Program Files\Eclipse Adoptium\jdk-17.0.16.8-hotspot\bin\jsvml.dll
0x00007ffb9ae70000 - 0x00007ffb9b5e0000 	C:\Windows\System32\SHELL32.dll
0x00007ffb97610000 - 0x00007ffb97db5000 	C:\Windows\SYSTEM32\windows.storage.dll
0x00007ffb9ba50000 - 0x00007ffb9bda4000 	C:\Windows\System32\combase.dll
0x00007ffb98f50000 - 0x00007ffb98f7b000 	C:\Windows\SYSTEM32\Wldp.dll
0x00007ffb9a940000 - 0x00007ffb9aa0d000 	C:\Windows\System32\OLEAUT32.dll
0x00007ffb9a640000 - 0x00007ffb9a6ed000 	C:\Windows\System32\SHCORE.dll
0x00007ffb9a8e0000 - 0x00007ffb9a93b000 	C:\Windows\System32\shlwapi.dll
0x00007ffb99530000 - 0x00007ffb99554000 	C:\Windows\SYSTEM32\profapi.dll
0x00007ffb77660000 - 0x00007ffb77679000 	C:\Program Files\Eclipse Adoptium\jdk-17.0.16.8-hotspot\bin\net.dll
0x00007ffb96e90000 - 0x00007ffb96f9a000 	C:\Windows\SYSTEM32\WINHTTP.dll
0x00007ffb98d30000 - 0x00007ffb98d9a000 	C:\Windows\system32\mswsock.dll
0x00007ffb76830000 - 0x00007ffb76846000 	C:\Program Files\Eclipse Adoptium\jdk-17.0.16.8-hotspot\bin\nio.dll
0x00007ffb76810000 - 0x00007ffb76828000 	C:\Program Files\Eclipse Adoptium\jdk-17.0.16.8-hotspot\bin\zip.dll
0x00007ffb852f0000 - 0x00007ffb852fa000 	C:\Program Files\Eclipse Adoptium\jdk-17.0.16.8-hotspot\bin\management.dll
0x00007ffb84ff0000 - 0x00007ffb84ffb000 	C:\Program Files\Eclipse Adoptium\jdk-17.0.16.8-hotspot\bin\management_ext.dll
0x00007ffb9ab60000 - 0x00007ffb9ab68000 	C:\Windows\System32\PSAPI.DLL
0x00007ffb989e0000 - 0x00007ffb98a1b000 	C:\Windows\SYSTEM32\IPHLPAPI.DLL
0x00007ffb9ad00000 - 0x00007ffb9ad08000 	C:\Windows\System32\NSI.dll
0x00007ffb8fa70000 - 0x00007ffb8fa87000 	C:\Windows\SYSTEM32\dhcpcsvc6.DLL
0x00007ffb8fa30000 - 0x00007ffb8fa4d000 	C:\Windows\SYSTEM32\dhcpcsvc.DLL
0x00007ffb98a20000 - 0x00007ffb98aea000 	C:\Windows\SYSTEM32\DNSAPI.dll
0x00007ffb91e60000 - 0x00007ffb91e6a000 	C:\Windows\System32\rasadhlp.dll
0x00007ffb8f630000 - 0x00007ffb8f6b0000 	C:\Windows\System32\fwpuclnt.dll
0x00007ffb840c0000 - 0x00007ffb840ce000 	C:\Program Files\Eclipse Adoptium\jdk-17.0.16.8-hotspot\bin\sunmscapi.dll
0x00007ffb997b0000 - 0x00007ffb9990d000 	C:\Windows\System32\CRYPT32.dll
0x00007ffb98fc0000 - 0x00007ffb98fe7000 	C:\Windows\SYSTEM32\ncrypt.dll
0x00007ffb98f80000 - 0x00007ffb98fbb000 	C:\Windows\SYSTEM32\NTASN1.dll
0x00007ffb992a0000 - 0x00007ffb992b8000 	C:\Windows\SYSTEM32\CRYPTSP.dll
0x00007ffb98600000 - 0x00007ffb98638000 	C:\Windows\system32\rsaenh.dll
0x00007ffb994f0000 - 0x00007ffb9951e000 	C:\Windows\SYSTEM32\USERENV.dll
0x00007ffb98ec0000 - 0x00007ffb98ecc000 	C:\Windows\SYSTEM32\CRYPTBASE.dll
0x00007ffb84f80000 - 0x00007ffb84f89000 	C:\Program Files\Eclipse Adoptium\jdk-17.0.16.8-hotspot\bin\extnet.dll

dbghelp: loaded successfully - version: 4.0.5 - missing functions: none
symbol engine: initialized successfully - sym options: 0x614 - pdb path: .;C:\Program Files\Eclipse Adoptium\jdk-17.0.16.8-hotspot\bin;C:\Windows\SYSTEM32;C:\Windows\WinSxS\amd64_microsoft.windows.common-controls_6595b64144ccf1df_6.0.19041.6456_none_60b8a6cb71f64256;C:\Program Files\Eclipse Adoptium\jdk-17.0.16.8-hotspot\bin\server

VM Arguments:
java_command: C:\Users\user\AppData\Local\Temp\surefire11232114427407093555\surefirebooter-20251124105058095_3.jar C:\Users\user\AppData\Local\Temp\surefire11232114427407093555 2025-11-24T10-50-57_639-jvmRun1 surefire-20251124105058095_1tmp surefire_0-20251124105058095_2tmp
java_class_path (initial): C:\Users\user\AppData\Local\Temp\surefire11232114427407093555\surefirebooter-20251124105058095_3.jar
Launcher Type: SUN_STANDARD

[Global flags]
     intx CICompilerCount                          = 3                                         {product} {ergonomic}
     uint ConcGCThreads                            = 1                                         {product} {ergonomic}
     uint G1ConcRefinementThreads                  = 4                                         {product} {ergonomic}
   size_t G1HeapRegionSize                         = 1048576                                   {product} {ergonomic}
    uintx GCDrainStackTargetSize                   = 64                                        {product} {ergonomic}
   size_t InitialHeapSize                          = 125829120                                 {product} {ergonomic}
   size_t MarkStackSize                            = 4194304                                   {product} {ergonomic}
   size_t MaxHeapSize                              = 1990197248                                {product} {ergonomic}
   size_t MaxNewSize                               = 1193279488                                {product} {ergonomic}
   size_t MinHeapDeltaBytes                        = 1048576                                   {product} {ergonomic}
   size_t MinHeapSize                              = 8388608                                   {product} {ergonomic}
    uintx NonNMethodCodeHeapSize                   = 5832780                                {pd product} {ergonomic}
    uintx NonProfiledCodeHeapSize                  = 122912730                              {pd product} {ergonomic}
    uintx ProfiledCodeHeapSize                     = 122912730                              {pd product} {ergonomic}
    uintx ReservedCodeCacheSize                    = 251658240                              {pd product} {ergonomic}
     bool SegmentedCodeCache                       = true                                      {product} {ergonomic}
   size_t SoftMaxHeapSize                          = 1990197248                             {manageable} {ergonomic}
     bool UseCompressedClassPointers               = true                           {product lp64_product} {ergonomic}
     bool UseCompressedOops                        = true                           {product lp64_product} {ergonomic}
     bool UseG1GC                                  = true                                      {product} {ergonomic}
     bool UseLargePagesIndividualAllocation        = false                                  {pd product} {ergonomic}

Logging:
Log output configuration:
 #0: stdout all=warning uptime,level,tags
 #1: stderr all=off uptime,level,tags

Environment Variables:
JAVA_HOME=C:\Program Files\Eclipse Adoptium\jdk-17.0.16.8-hotspot
PATH=C:/Users/user/Downloads/spring-tools-for-eclipse-4.32.2.RELEASE-e4.37.0-win32.win32.x86_64/sts-4.32.2.RELEASE//plugins/org.eclipse.justj.openjdk.hotspot.jre.full.win32.x86_64_21.0.9.v20251105-0741/jre/bin/server;C:/Users/user/Downloads/spring-tools-for-eclipse-4.32.2.RELEASE-e4.37.0-win32.win32.x86_64/sts-4.32.2.RELEASE//plugins/org.eclipse.justj.openjdk.hotspot.jre.full.win32.x86_64_21.0.9.v20251105-0741/jre/bin;C:\Program Files\Eclipse Adoptium\jdk-17.0.16.8-hotspot\bin;C:\Program Files\Eclipse Adoptium\jdk-11.0.28.6-hotspot\bin;C:\Program Files\Common Files\Oracle\Java\javapath;C:\Windows\system32;C:\Windows;C:\Windows\System32\Wbem;C:\Windows\System32\WindowsPowerShell\v1.0\;C:\Windows\System32\OpenSSH\;C:\Program Files\Git\cmd;C:\Program Files\MySQL\MySQL Server 8.0\bin;C:\Users\user\Downloads\apache-maven-3.8.8-bin\apache-maven-3.8.8\bin;C:\Program Files\MongoDB\Server\8.0\bin;C:\Program Files\nodejs\;C:\ProgramData\chocolatey\bin;C:\Program Files\Amazon\AWSCLIV2\;C:\Program Files\Docker\Docker\resources\bin;C:\Program Files\MySQL\MySQL Shell 8.0\bin\;C:\Users\user\AppData\Local\Microsoft\WindowsApps;C:\Users\user\Desktop\Microsoft VS Code\bin;C:\Program Files\JetBrains\IntelliJ IDEA 2024.1.2\bin;;C:\Users\user\AppData\Local\GitHubDesktop\bin;C:\Users\user\AppData\Roaming\npm;C:\Users\user\AppData\Local\Programs\mongosh\;C:\Users\user\Downloads\spring-tools-for-eclipse-4.32.2.RELEASE-e4.37.0-win32.win32.x86_64\sts-4.32.2.RELEASE;
USERNAME=user
OS=Windows_NT
PROCESSOR_IDENTIFIER=Intel64 Family 6 Model 78 Stepping 3, GenuineIntel
TMP=C:\Users\user\AppData\Local\Temp
TEMP=C:\Users\user\AppData\Local\Temp



Periodic native trim disabled


---------------  S Y S T E M  ---------------

OS:
 Windows 10 , 64 bit Build 19041 (10.0.19041.5915)
OS uptime: 0 days 21:28 hours
Hyper-V role detected

CPU: total 4 (initial active 4) (2 cores per cpu, 2 threads per core) family 6 model 78 stepping 3 microcode 0xcc, cx8, cmov, fxsr, ht, mmx, 3dnowpref, sse, sse2, sse3, ssse3, sse4.1, sse4.2, popcnt, lzcnt, tsc, tscinvbit, avx, avx2, aes, erms, clmul, bmi1, bmi2, rtm, adx, fma, vzeroupper, clflush, clflushopt, hv
Processor Information for all 4 processors :
  Max Mhz: 2496, Current Mhz: 2396, Mhz Limit: 2396

Memory: 4k page, system-wide physical 7591M (514M free)
TotalPageFile size 13139M (AvailPageFile size 4M)
current process WorkingSet (physical memory assigned to process): 257M, peak: 257M
current process commit charge ("private bytes"): 369M, peak: 371M

vm_info: OpenJDK 64-Bit Server VM (17.0.16+8) for windows-amd64 JRE (17.0.16+8), built on Jul 16 2025 10:37:56 by "admin" with MS VC++ 17.7 (VS2022)

END.
